Copyright 1986-2022 Xilinx, Inc. All Rights Reserved. Copyright 2022-2024 Advanced Micro Devices, Inc. All Rights Reserved.
---------------------------------------------------------------------------------------------------------------------------------------------
| Tool Version : Vivado v.2024.2 (lin64) Build 5239630 Fri Nov 08 22:34:34 MST 2024
| Date         : Wed Apr 15 18:46:34 2026
| Host         : archlinux running 64-bit Arch Linux
| Command      : report_utilization -hierarchical -file alinx_ax7203_utilization_hierarchical_place.rpt
| Design       : alinx_ax7203
| Device       : xc7a200tfbg484-2
| Speed File   : -2
| Design State : Fully Placed
---------------------------------------------------------------------------------------------------------------------------------------------

Utilization Design Information

Table of Contents
-----------------
1. Utilization by Hierarchy

1. Utilization by Hierarchy
---------------------------

+--------------------------------------+--------------------------------------------+------------+------------+---------+------+--------+--------+--------+------------+
|               Instance               |                   Module                   | Total LUTs | Logic LUTs | LUTRAMs | SRLs |   FFs  | RAMB36 | RAMB18 | DSP Blocks |
+--------------------------------------+--------------------------------------------+------------+------------+---------+------+--------+--------+--------+------------+
| alinx_ax7203                         |                                      (top) |      68531 |      67857 |     638 |   36 | 104585 |    138 |     22 |        116 |
|   (alinx_ax7203)                     |                                      (top) |       1265 |       1227 |      38 |    0 |   3523 |    137 |      4 |          0 |
|   VexRiscv                           |                                   VexRiscv |       2974 |       2974 |       0 |    0 |   1280 |      1 |      8 |          4 |
|     (VexRiscv)                       |                                   VexRiscv |       1125 |       1125 |       0 |    0 |   1118 |      0 |      2 |          4 |
|     IBusCachedPlugin_cache           |                           InstructionCache |       1439 |       1439 |       0 |    0 |    103 |      1 |      1 |          0 |
|     dataCache_1                      |                                  DataCache |        425 |        425 |       0 |    0 |     59 |      0 |      5 |          0 |
|   ddr3_top                           |                                   ddr3_top |       4617 |       4617 |       0 |    0 |   3739 |      0 |      0 |          0 |
|     (ddr3_top)                       |                                   ddr3_top |          3 |          3 |       0 |    0 |      0 |      0 |      0 |          0 |
|     ddr3_controller_inst             |                            ddr3_controller |       4588 |       4588 |       0 |    0 |   3697 |      0 |      0 |          0 |
|     ddr3_phy_inst                    |                                   ddr3_phy |         26 |         26 |       0 |    0 |     42 |      0 |      0 |          0 |
|   uberclock                          |                                  uberclock |      57701 |      57065 |     600 |   36 |  94193 |      0 |     10 |        112 |
|     (uberclock)                      |                                  uberclock |       9409 |       9407 |       0 |    2 |  33154 |      0 |      0 |         20 |
|     cordic_cpu1                      |                                     cordic |       1949 |       1947 |       0 |    2 |   1574 |      0 |      0 |          4 |
|       cordic_round_inst              |                           cordic_round_410 |         20 |         20 |       0 |    0 |      0 |      0 |      0 |          0 |
|       cordic_stages[0].stage_inst    |                  cordic_pipeline_stage_411 |         58 |         58 |       0 |    0 |     54 |      0 |      0 |          0 |
|       cordic_stages[10].stage_inst   |  cordic_pipeline_stage__parameterized9_412 |         68 |         68 |       0 |    0 |     70 |      0 |      0 |          0 |
|       cordic_stages[11].stage_inst   | cordic_pipeline_stage__parameterized10_413 |         68 |         68 |       0 |    0 |     70 |      0 |      0 |          0 |
|       cordic_stages[12].stage_inst   | cordic_pipeline_stage__parameterized11_414 |         68 |         68 |       0 |    0 |     70 |      0 |      0 |          0 |
|       cordic_stages[13].stage_inst   | cordic_pipeline_stage__parameterized12_415 |         68 |         68 |       0 |    0 |     70 |      0 |      0 |          0 |
|       cordic_stages[14].stage_inst   | cordic_pipeline_stage__parameterized13_416 |         66 |         66 |       0 |    0 |     70 |      0 |      0 |          0 |
|       cordic_stages[15].stage_inst   | cordic_pipeline_stage__parameterized14_417 |         68 |         68 |       0 |    0 |     70 |      0 |      0 |          0 |
|       cordic_stages[16].stage_inst   | cordic_pipeline_stage__parameterized15_418 |         64 |         64 |       0 |    0 |     69 |      0 |      0 |          0 |
|       cordic_stages[17].stage_inst   | cordic_pipeline_stage__parameterized16_419 |         65 |         65 |       0 |    0 |     69 |      0 |      0 |          0 |
|       cordic_stages[18].stage_inst   | cordic_pipeline_stage__parameterized17_420 |         67 |         66 |       0 |    1 |     69 |      0 |      0 |          0 |
|       cordic_stages[19].stage_inst   | cordic_pipeline_stage__parameterized18_421 |         67 |         67 |       0 |    0 |     70 |      0 |      0 |          0 |
|       cordic_stages[1].stage_inst    |  cordic_pipeline_stage__parameterized0_422 |         64 |         64 |       0 |    0 |     58 |      0 |      0 |          0 |
|       cordic_stages[20].stage_inst   | cordic_pipeline_stage__parameterized19_423 |         43 |         43 |       0 |    0 |     45 |      0 |      0 |          0 |
|       cordic_stages[21].stage_inst   | cordic_pipeline_stage__parameterized19_424 |         22 |         22 |       0 |    0 |     44 |      0 |      0 |          0 |
|       cordic_stages[2].stage_inst    |  cordic_pipeline_stage__parameterized1_425 |         68 |         68 |       0 |    0 |     64 |      0 |      0 |          0 |
|       cordic_stages[3].stage_inst    |  cordic_pipeline_stage__parameterized2_426 |         68 |         68 |       0 |    0 |     70 |      0 |      0 |          0 |
|       cordic_stages[4].stage_inst    |  cordic_pipeline_stage__parameterized3_427 |         64 |         64 |       0 |    0 |     70 |      0 |      0 |          0 |
|       cordic_stages[5].stage_inst    |  cordic_pipeline_stage__parameterized4_428 |         68 |         68 |       0 |    0 |     70 |      0 |      0 |          0 |
|       cordic_stages[6].stage_inst    |  cordic_pipeline_stage__parameterized5_429 |         68 |         68 |       0 |    0 |     70 |      0 |      0 |          0 |
|       cordic_stages[7].stage_inst    |  cordic_pipeline_stage__parameterized6_430 |         65 |         65 |       0 |    0 |     69 |      0 |      0 |          0 |
|       cordic_stages[8].stage_inst    |  cordic_pipeline_stage__parameterized7_431 |         67 |         66 |       0 |    1 |     69 |      0 |      0 |          0 |
|       cordic_stages[9].stage_inst    |  cordic_pipeline_stage__parameterized8_432 |         68 |         68 |       0 |    0 |     70 |      0 |      0 |          0 |
|       gain_sat_inst                  |                      gain_and_saturate_433 |        448 |        448 |       0 |    0 |     72 |      0 |      0 |          4 |
|       pre_stage                      |                      cordic_pre_rotate_434 |         89 |         89 |       0 |    0 |     52 |      0 |      0 |          0 |
|     cordic_cpu2                      |                                   cordic_1 |       1541 |       1539 |       0 |    2 |   1574 |      0 |      0 |          4 |
|       cordic_round_inst              |                           cordic_round_385 |         20 |         20 |       0 |    0 |      0 |      0 |      0 |          0 |
|       cordic_stages[0].stage_inst    |                  cordic_pipeline_stage_386 |         58 |         58 |       0 |    0 |     54 |      0 |      0 |          0 |
|       cordic_stages[10].stage_inst   |  cordic_pipeline_stage__parameterized9_387 |         68 |         68 |       0 |    0 |     70 |      0 |      0 |          0 |
|       cordic_stages[11].stage_inst   | cordic_pipeline_stage__parameterized10_388 |         68 |         68 |       0 |    0 |     70 |      0 |      0 |          0 |
|       cordic_stages[12].stage_inst   | cordic_pipeline_stage__parameterized11_389 |         68 |         68 |       0 |    0 |     70 |      0 |      0 |          0 |
|       cordic_stages[13].stage_inst   | cordic_pipeline_stage__parameterized12_390 |         68 |         68 |       0 |    0 |     70 |      0 |      0 |          0 |
|       cordic_stages[14].stage_inst   | cordic_pipeline_stage__parameterized13_391 |         66 |         66 |       0 |    0 |     70 |      0 |      0 |          0 |
|       cordic_stages[15].stage_inst   | cordic_pipeline_stage__parameterized14_392 |         68 |         68 |       0 |    0 |     70 |      0 |      0 |          0 |
|       cordic_stages[16].stage_inst   | cordic_pipeline_stage__parameterized15_393 |         64 |         64 |       0 |    0 |     69 |      0 |      0 |          0 |
|       cordic_stages[17].stage_inst   | cordic_pipeline_stage__parameterized16_394 |         65 |         65 |       0 |    0 |     69 |      0 |      0 |          0 |
|       cordic_stages[18].stage_inst   | cordic_pipeline_stage__parameterized17_395 |         67 |         66 |       0 |    1 |     69 |      0 |      0 |          0 |
|       cordic_stages[19].stage_inst   | cordic_pipeline_stage__parameterized18_396 |         67 |         67 |       0 |    0 |     70 |      0 |      0 |          0 |
|       cordic_stages[1].stage_inst    |  cordic_pipeline_stage__parameterized0_397 |         64 |         64 |       0 |    0 |     58 |      0 |      0 |          0 |
|       cordic_stages[20].stage_inst   | cordic_pipeline_stage__parameterized19_398 |         43 |         43 |       0 |    0 |     45 |      0 |      0 |          0 |
|       cordic_stages[21].stage_inst   | cordic_pipeline_stage__parameterized19_399 |         22 |         22 |       0 |    0 |     44 |      0 |      0 |          0 |
|       cordic_stages[2].stage_inst    |  cordic_pipeline_stage__parameterized1_400 |         68 |         68 |       0 |    0 |     64 |      0 |      0 |          0 |
|       cordic_stages[3].stage_inst    |  cordic_pipeline_stage__parameterized2_401 |         68 |         68 |       0 |    0 |     70 |      0 |      0 |          0 |
|       cordic_stages[4].stage_inst    |  cordic_pipeline_stage__parameterized3_402 |         64 |         64 |       0 |    0 |     70 |      0 |      0 |          0 |
|       cordic_stages[5].stage_inst    |  cordic_pipeline_stage__parameterized4_403 |         68 |         68 |       0 |    0 |     70 |      0 |      0 |          0 |
|       cordic_stages[6].stage_inst    |  cordic_pipeline_stage__parameterized5_404 |         68 |         68 |       0 |    0 |     70 |      0 |      0 |          0 |
|       cordic_stages[7].stage_inst    |  cordic_pipeline_stage__parameterized6_405 |         65 |         65 |       0 |    0 |     69 |      0 |      0 |          0 |
|       cordic_stages[8].stage_inst    |  cordic_pipeline_stage__parameterized7_406 |         67 |         66 |       0 |    1 |     69 |      0 |      0 |          0 |
|       cordic_stages[9].stage_inst    |  cordic_pipeline_stage__parameterized8_407 |         68 |         68 |       0 |    0 |     70 |      0 |      0 |          0 |
|       gain_sat_inst                  |                      gain_and_saturate_408 |         40 |         40 |       0 |    0 |     72 |      0 |      0 |          4 |
|       pre_stage                      |                      cordic_pre_rotate_409 |         89 |         89 |       0 |    0 |     52 |      0 |      0 |          0 |
|     cordic_cpu3                      |                                   cordic_2 |       1541 |       1539 |       0 |    2 |   1574 |      0 |      0 |          4 |
|       cordic_round_inst              |                           cordic_round_360 |         20 |         20 |       0 |    0 |      0 |      0 |      0 |          0 |
|       cordic_stages[0].stage_inst    |                  cordic_pipeline_stage_361 |         58 |         58 |       0 |    0 |     54 |      0 |      0 |          0 |
|       cordic_stages[10].stage_inst   |  cordic_pipeline_stage__parameterized9_362 |         68 |         68 |       0 |    0 |     70 |      0 |      0 |          0 |
|       cordic_stages[11].stage_inst   | cordic_pipeline_stage__parameterized10_363 |         68 |         68 |       0 |    0 |     70 |      0 |      0 |          0 |
|       cordic_stages[12].stage_inst   | cordic_pipeline_stage__parameterized11_364 |         68 |         68 |       0 |    0 |     70 |      0 |      0 |          0 |
|       cordic_stages[13].stage_inst   | cordic_pipeline_stage__parameterized12_365 |         68 |         68 |       0 |    0 |     70 |      0 |      0 |          0 |
|       cordic_stages[14].stage_inst   | cordic_pipeline_stage__parameterized13_366 |         66 |         66 |       0 |    0 |     70 |      0 |      0 |          0 |
|       cordic_stages[15].stage_inst   | cordic_pipeline_stage__parameterized14_367 |         68 |         68 |       0 |    0 |     70 |      0 |      0 |          0 |
|       cordic_stages[16].stage_inst   | cordic_pipeline_stage__parameterized15_368 |         64 |         64 |       0 |    0 |     69 |      0 |      0 |          0 |
|       cordic_stages[17].stage_inst   | cordic_pipeline_stage__parameterized16_369 |         65 |         65 |       0 |    0 |     69 |      0 |      0 |          0 |
|       cordic_stages[18].stage_inst   | cordic_pipeline_stage__parameterized17_370 |         67 |         66 |       0 |    1 |     69 |      0 |      0 |          0 |
|       cordic_stages[19].stage_inst   | cordic_pipeline_stage__parameterized18_371 |         67 |         67 |       0 |    0 |     70 |      0 |      0 |          0 |
|       cordic_stages[1].stage_inst    |  cordic_pipeline_stage__parameterized0_372 |         64 |         64 |       0 |    0 |     58 |      0 |      0 |          0 |
|       cordic_stages[20].stage_inst   | cordic_pipeline_stage__parameterized19_373 |         43 |         43 |       0 |    0 |     45 |      0 |      0 |          0 |
|       cordic_stages[21].stage_inst   | cordic_pipeline_stage__parameterized19_374 |         22 |         22 |       0 |    0 |     44 |      0 |      0 |          0 |
|       cordic_stages[2].stage_inst    |  cordic_pipeline_stage__parameterized1_375 |         68 |         68 |       0 |    0 |     64 |      0 |      0 |          0 |
|       cordic_stages[3].stage_inst    |  cordic_pipeline_stage__parameterized2_376 |         68 |         68 |       0 |    0 |     70 |      0 |      0 |          0 |
|       cordic_stages[4].stage_inst    |  cordic_pipeline_stage__parameterized3_377 |         64 |         64 |       0 |    0 |     70 |      0 |      0 |          0 |
|       cordic_stages[5].stage_inst    |  cordic_pipeline_stage__parameterized4_378 |         68 |         68 |       0 |    0 |     70 |      0 |      0 |          0 |
|       cordic_stages[6].stage_inst    |  cordic_pipeline_stage__parameterized5_379 |         68 |         68 |       0 |    0 |     70 |      0 |      0 |          0 |
|       cordic_stages[7].stage_inst    |  cordic_pipeline_stage__parameterized6_380 |         65 |         65 |       0 |    0 |     69 |      0 |      0 |          0 |
|       cordic_stages[8].stage_inst    |  cordic_pipeline_stage__parameterized7_381 |         67 |         66 |       0 |    1 |     69 |      0 |      0 |          0 |
|       cordic_stages[9].stage_inst    |  cordic_pipeline_stage__parameterized8_382 |         68 |         68 |       0 |    0 |     70 |      0 |      0 |          0 |
|       gain_sat_inst                  |                      gain_and_saturate_383 |         40 |         40 |       0 |    0 |     72 |      0 |      0 |          4 |
|       pre_stage                      |                      cordic_pre_rotate_384 |         89 |         89 |       0 |    0 |     52 |      0 |      0 |          0 |
|     cordic_cpu4                      |                                   cordic_3 |       1541 |       1539 |       0 |    2 |   1574 |      0 |      0 |          4 |
|       cordic_round_inst              |                           cordic_round_335 |         20 |         20 |       0 |    0 |      0 |      0 |      0 |          0 |
|       cordic_stages[0].stage_inst    |                  cordic_pipeline_stage_336 |         58 |         58 |       0 |    0 |     54 |      0 |      0 |          0 |
|       cordic_stages[10].stage_inst   |  cordic_pipeline_stage__parameterized9_337 |         68 |         68 |       0 |    0 |     70 |      0 |      0 |          0 |
|       cordic_stages[11].stage_inst   | cordic_pipeline_stage__parameterized10_338 |         68 |         68 |       0 |    0 |     70 |      0 |      0 |          0 |
|       cordic_stages[12].stage_inst   | cordic_pipeline_stage__parameterized11_339 |         68 |         68 |       0 |    0 |     70 |      0 |      0 |          0 |
|       cordic_stages[13].stage_inst   | cordic_pipeline_stage__parameterized12_340 |         68 |         68 |       0 |    0 |     70 |      0 |      0 |          0 |
|       cordic_stages[14].stage_inst   | cordic_pipeline_stage__parameterized13_341 |         66 |         66 |       0 |    0 |     70 |      0 |      0 |          0 |
|       cordic_stages[15].stage_inst   | cordic_pipeline_stage__parameterized14_342 |         68 |         68 |       0 |    0 |     70 |      0 |      0 |          0 |
|       cordic_stages[16].stage_inst   | cordic_pipeline_stage__parameterized15_343 |         64 |         64 |       0 |    0 |     69 |      0 |      0 |          0 |
|       cordic_stages[17].stage_inst   | cordic_pipeline_stage__parameterized16_344 |         65 |         65 |       0 |    0 |     69 |      0 |      0 |          0 |
|       cordic_stages[18].stage_inst   | cordic_pipeline_stage__parameterized17_345 |         67 |         66 |       0 |    1 |     69 |      0 |      0 |          0 |
|       cordic_stages[19].stage_inst   | cordic_pipeline_stage__parameterized18_346 |         67 |         67 |       0 |    0 |     70 |      0 |      0 |          0 |
|       cordic_stages[1].stage_inst    |  cordic_pipeline_stage__parameterized0_347 |         64 |         64 |       0 |    0 |     58 |      0 |      0 |          0 |
|       cordic_stages[20].stage_inst   | cordic_pipeline_stage__parameterized19_348 |         43 |         43 |       0 |    0 |     45 |      0 |      0 |          0 |
|       cordic_stages[21].stage_inst   | cordic_pipeline_stage__parameterized19_349 |         22 |         22 |       0 |    0 |     44 |      0 |      0 |          0 |
|       cordic_stages[2].stage_inst    |  cordic_pipeline_stage__parameterized1_350 |         68 |         68 |       0 |    0 |     64 |      0 |      0 |          0 |
|       cordic_stages[3].stage_inst    |  cordic_pipeline_stage__parameterized2_351 |         68 |         68 |       0 |    0 |     70 |      0 |      0 |          0 |
|       cordic_stages[4].stage_inst    |  cordic_pipeline_stage__parameterized3_352 |         64 |         64 |       0 |    0 |     70 |      0 |      0 |          0 |
|       cordic_stages[5].stage_inst    |  cordic_pipeline_stage__parameterized4_353 |         68 |         68 |       0 |    0 |     70 |      0 |      0 |          0 |
|       cordic_stages[6].stage_inst    |  cordic_pipeline_stage__parameterized5_354 |         68 |         68 |       0 |    0 |     70 |      0 |      0 |          0 |
|       cordic_stages[7].stage_inst    |  cordic_pipeline_stage__parameterized6_355 |         65 |         65 |       0 |    0 |     69 |      0 |      0 |          0 |
|       cordic_stages[8].stage_inst    |  cordic_pipeline_stage__parameterized7_356 |         67 |         66 |       0 |    1 |     69 |      0 |      0 |          0 |
|       cordic_stages[9].stage_inst    |  cordic_pipeline_stage__parameterized8_357 |         68 |         68 |       0 |    0 |     70 |      0 |      0 |          0 |
|       gain_sat_inst                  |                      gain_and_saturate_358 |         40 |         40 |       0 |    0 |     72 |      0 |      0 |          4 |
|       pre_stage                      |                      cordic_pre_rotate_359 |         89 |         89 |       0 |    0 |     52 |      0 |      0 |          0 |
|     cordic_cpu5                      |                                   cordic_4 |       1541 |       1539 |       0 |    2 |   1574 |      0 |      0 |          4 |
|       cordic_round_inst              |                           cordic_round_310 |         20 |         20 |       0 |    0 |      0 |      0 |      0 |          0 |
|       cordic_stages[0].stage_inst    |                  cordic_pipeline_stage_311 |         58 |         58 |       0 |    0 |     54 |      0 |      0 |          0 |
|       cordic_stages[10].stage_inst   |  cordic_pipeline_stage__parameterized9_312 |         68 |         68 |       0 |    0 |     70 |      0 |      0 |          0 |
|       cordic_stages[11].stage_inst   | cordic_pipeline_stage__parameterized10_313 |         68 |         68 |       0 |    0 |     70 |      0 |      0 |          0 |
|       cordic_stages[12].stage_inst   | cordic_pipeline_stage__parameterized11_314 |         68 |         68 |       0 |    0 |     70 |      0 |      0 |          0 |
|       cordic_stages[13].stage_inst   | cordic_pipeline_stage__parameterized12_315 |         68 |         68 |       0 |    0 |     70 |      0 |      0 |          0 |
|       cordic_stages[14].stage_inst   | cordic_pipeline_stage__parameterized13_316 |         66 |         66 |       0 |    0 |     70 |      0 |      0 |          0 |
|       cordic_stages[15].stage_inst   | cordic_pipeline_stage__parameterized14_317 |         68 |         68 |       0 |    0 |     70 |      0 |      0 |          0 |
|       cordic_stages[16].stage_inst   | cordic_pipeline_stage__parameterized15_318 |         64 |         64 |       0 |    0 |     69 |      0 |      0 |          0 |
|       cordic_stages[17].stage_inst   | cordic_pipeline_stage__parameterized16_319 |         65 |         65 |       0 |    0 |     69 |      0 |      0 |          0 |
|       cordic_stages[18].stage_inst   | cordic_pipeline_stage__parameterized17_320 |         67 |         66 |       0 |    1 |     69 |      0 |      0 |          0 |
|       cordic_stages[19].stage_inst   | cordic_pipeline_stage__parameterized18_321 |         67 |         67 |       0 |    0 |     70 |      0 |      0 |          0 |
|       cordic_stages[1].stage_inst    |  cordic_pipeline_stage__parameterized0_322 |         64 |         64 |       0 |    0 |     58 |      0 |      0 |          0 |
|       cordic_stages[20].stage_inst   | cordic_pipeline_stage__parameterized19_323 |         43 |         43 |       0 |    0 |     45 |      0 |      0 |          0 |
|       cordic_stages[21].stage_inst   | cordic_pipeline_stage__parameterized19_324 |         22 |         22 |       0 |    0 |     44 |      0 |      0 |          0 |
|       cordic_stages[2].stage_inst    |  cordic_pipeline_stage__parameterized1_325 |         68 |         68 |       0 |    0 |     64 |      0 |      0 |          0 |
|       cordic_stages[3].stage_inst    |  cordic_pipeline_stage__parameterized2_326 |         68 |         68 |       0 |    0 |     70 |      0 |      0 |          0 |
|       cordic_stages[4].stage_inst    |  cordic_pipeline_stage__parameterized3_327 |         64 |         64 |       0 |    0 |     70 |      0 |      0 |          0 |
|       cordic_stages[5].stage_inst    |  cordic_pipeline_stage__parameterized4_328 |         68 |         68 |       0 |    0 |     70 |      0 |      0 |          0 |
|       cordic_stages[6].stage_inst    |  cordic_pipeline_stage__parameterized5_329 |         68 |         68 |       0 |    0 |     70 |      0 |      0 |          0 |
|       cordic_stages[7].stage_inst    |  cordic_pipeline_stage__parameterized6_330 |         65 |         65 |       0 |    0 |     69 |      0 |      0 |          0 |
|       cordic_stages[8].stage_inst    |  cordic_pipeline_stage__parameterized7_331 |         67 |         66 |       0 |    1 |     69 |      0 |      0 |          0 |
|       cordic_stages[9].stage_inst    |  cordic_pipeline_stage__parameterized8_332 |         68 |         68 |       0 |    0 |     70 |      0 |      0 |          0 |
|       gain_sat_inst                  |                      gain_and_saturate_333 |         40 |         40 |       0 |    0 |     72 |      0 |      0 |          4 |
|       pre_stage                      |                      cordic_pre_rotate_334 |         89 |         89 |       0 |    0 |     52 |      0 |      0 |          0 |
|     cordic_nco                       |                                   cordic_5 |       1525 |       1523 |       0 |    2 |   1495 |      0 |      0 |          2 |
|       cordic_round_inst              |                           cordic_round_285 |         10 |         10 |       0 |    0 |      0 |      0 |      0 |          0 |
|       cordic_stages[0].stage_inst    |                  cordic_pipeline_stage_286 |         58 |         58 |       0 |    0 |     54 |      0 |      0 |          0 |
|       cordic_stages[10].stage_inst   |  cordic_pipeline_stage__parameterized9_287 |         68 |         68 |       0 |    0 |     70 |      0 |      0 |          0 |
|       cordic_stages[11].stage_inst   | cordic_pipeline_stage__parameterized10_288 |         68 |         68 |       0 |    0 |     70 |      0 |      0 |          0 |
|       cordic_stages[12].stage_inst   | cordic_pipeline_stage__parameterized11_289 |         68 |         68 |       0 |    0 |     70 |      0 |      0 |          0 |
|       cordic_stages[13].stage_inst   | cordic_pipeline_stage__parameterized12_290 |         68 |         68 |       0 |    0 |     70 |      0 |      0 |          0 |
|       cordic_stages[14].stage_inst   | cordic_pipeline_stage__parameterized13_291 |         66 |         66 |       0 |    0 |     70 |      0 |      0 |          0 |
|       cordic_stages[15].stage_inst   | cordic_pipeline_stage__parameterized14_292 |         68 |         68 |       0 |    0 |     70 |      0 |      0 |          0 |
|       cordic_stages[16].stage_inst   | cordic_pipeline_stage__parameterized15_293 |         64 |         64 |       0 |    0 |     69 |      0 |      0 |          0 |
|       cordic_stages[17].stage_inst   | cordic_pipeline_stage__parameterized16_294 |         65 |         65 |       0 |    0 |     69 |      0 |      0 |          0 |
|       cordic_stages[18].stage_inst   | cordic_pipeline_stage__parameterized17_295 |         67 |         66 |       0 |    1 |     69 |      0 |      0 |          0 |
|       cordic_stages[19].stage_inst   | cordic_pipeline_stage__parameterized18_296 |         67 |         67 |       0 |    0 |     70 |      0 |      0 |          0 |
|       cordic_stages[1].stage_inst    |  cordic_pipeline_stage__parameterized0_297 |         64 |         64 |       0 |    0 |     58 |      0 |      0 |          0 |
|       cordic_stages[20].stage_inst   | cordic_pipeline_stage__parameterized19_298 |         22 |         22 |       0 |    0 |     24 |      0 |      0 |          0 |
|       cordic_stages[21].stage_inst   | cordic_pipeline_stage__parameterized19_299 |         11 |         11 |       0 |    0 |     22 |      0 |      0 |          0 |
|       cordic_stages[2].stage_inst    |  cordic_pipeline_stage__parameterized1_300 |         68 |         68 |       0 |    0 |     64 |      0 |      0 |          0 |
|       cordic_stages[3].stage_inst    |  cordic_pipeline_stage__parameterized2_301 |         68 |         68 |       0 |    0 |     70 |      0 |      0 |          0 |
|       cordic_stages[4].stage_inst    |  cordic_pipeline_stage__parameterized3_302 |         64 |         64 |       0 |    0 |     70 |      0 |      0 |          0 |
|       cordic_stages[5].stage_inst    |  cordic_pipeline_stage__parameterized4_303 |         68 |         68 |       0 |    0 |     70 |      0 |      0 |          0 |
|       cordic_stages[6].stage_inst    |  cordic_pipeline_stage__parameterized5_304 |         68 |         68 |       0 |    0 |     70 |      0 |      0 |          0 |
|       cordic_stages[7].stage_inst    |  cordic_pipeline_stage__parameterized6_305 |         65 |         65 |       0 |    0 |     69 |      0 |      0 |          0 |
|       cordic_stages[8].stage_inst    |  cordic_pipeline_stage__parameterized7_306 |         67 |         66 |       0 |    1 |     69 |      0 |      0 |          0 |
|       cordic_stages[9].stage_inst    |  cordic_pipeline_stage__parameterized8_307 |         68 |         68 |       0 |    0 |     70 |      0 |      0 |          0 |
|       gain_sat_inst                  |                      gain_and_saturate_308 |         66 |         66 |       0 |    0 |     36 |      0 |      0 |          2 |
|       pre_stage                      |                      cordic_pre_rotate_309 |         89 |         89 |       0 |    0 |     52 |      0 |      0 |          0 |
|     rx_1                             |                                 rx_channel |       6489 |       6365 |     120 |    4 |   5144 |      0 |      0 |          8 |
|       (rx_1)                         |                                 rx_channel |        157 |        157 |       0 |    0 |     26 |      0 |      0 |          0 |
|       arctan                         |                                   to_polar |       1397 |       1395 |       0 |    2 |   1668 |      0 |      0 |          0 |
|       cordic_down                    |                                 cordic_251 |       1613 |       1611 |       0 |    2 |   1574 |      0 |      0 |          4 |
|         cordic_round_inst            |                           cordic_round_260 |         20 |         20 |       0 |    0 |      0 |      0 |      0 |          0 |
|         cordic_stages[0].stage_inst  |                  cordic_pipeline_stage_261 |         58 |         58 |       0 |    0 |     54 |      0 |      0 |          0 |
|         cordic_stages[10].stage_inst |  cordic_pipeline_stage__parameterized9_262 |         68 |         68 |       0 |    0 |     70 |      0 |      0 |          0 |
|         cordic_stages[11].stage_inst | cordic_pipeline_stage__parameterized10_263 |         68 |         68 |       0 |    0 |     70 |      0 |      0 |          0 |
|         cordic_stages[12].stage_inst | cordic_pipeline_stage__parameterized11_264 |         68 |         68 |       0 |    0 |     70 |      0 |      0 |          0 |
|         cordic_stages[13].stage_inst | cordic_pipeline_stage__parameterized12_265 |         68 |         68 |       0 |    0 |     70 |      0 |      0 |          0 |
|         cordic_stages[14].stage_inst | cordic_pipeline_stage__parameterized13_266 |         66 |         66 |       0 |    0 |     70 |      0 |      0 |          0 |
|         cordic_stages[15].stage_inst | cordic_pipeline_stage__parameterized14_267 |         68 |         68 |       0 |    0 |     70 |      0 |      0 |          0 |
|         cordic_stages[16].stage_inst | cordic_pipeline_stage__parameterized15_268 |         64 |         64 |       0 |    0 |     69 |      0 |      0 |          0 |
|         cordic_stages[17].stage_inst | cordic_pipeline_stage__parameterized16_269 |         65 |         65 |       0 |    0 |     69 |      0 |      0 |          0 |
|         cordic_stages[18].stage_inst | cordic_pipeline_stage__parameterized17_270 |         67 |         66 |       0 |    1 |     69 |      0 |      0 |          0 |
|         cordic_stages[19].stage_inst | cordic_pipeline_stage__parameterized18_271 |         67 |         67 |       0 |    0 |     70 |      0 |      0 |          0 |
|         cordic_stages[1].stage_inst  |  cordic_pipeline_stage__parameterized0_272 |         64 |         64 |       0 |    0 |     58 |      0 |      0 |          0 |
|         cordic_stages[20].stage_inst | cordic_pipeline_stage__parameterized19_273 |         43 |         43 |       0 |    0 |     45 |      0 |      0 |          0 |
|         cordic_stages[21].stage_inst | cordic_pipeline_stage__parameterized19_274 |         22 |         22 |       0 |    0 |     44 |      0 |      0 |          0 |
|         cordic_stages[2].stage_inst  |  cordic_pipeline_stage__parameterized1_275 |         68 |         68 |       0 |    0 |     64 |      0 |      0 |          0 |
|         cordic_stages[3].stage_inst  |  cordic_pipeline_stage__parameterized2_276 |         68 |         68 |       0 |    0 |     70 |      0 |      0 |          0 |
|         cordic_stages[4].stage_inst  |  cordic_pipeline_stage__parameterized3_277 |         64 |         64 |       0 |    0 |     70 |      0 |      0 |          0 |
|         cordic_stages[5].stage_inst  |  cordic_pipeline_stage__parameterized4_278 |         68 |         68 |       0 |    0 |     70 |      0 |      0 |          0 |
|         cordic_stages[6].stage_inst  |  cordic_pipeline_stage__parameterized5_279 |         68 |         68 |       0 |    0 |     70 |      0 |      0 |          0 |
|         cordic_stages[7].stage_inst  |  cordic_pipeline_stage__parameterized6_280 |         65 |         65 |       0 |    0 |     69 |      0 |      0 |          0 |
|         cordic_stages[8].stage_inst  |  cordic_pipeline_stage__parameterized7_281 |         67 |         66 |       0 |    1 |     69 |      0 |      0 |          0 |
|         cordic_stages[9].stage_inst  |  cordic_pipeline_stage__parameterized8_282 |         68 |         68 |       0 |    0 |     70 |      0 |      0 |          0 |
|         gain_sat_inst                |                      gain_and_saturate_283 |        124 |        124 |       0 |    0 |     72 |      0 |      0 |          4 |
|         pre_stage                    |                      cordic_pre_rotate_284 |         78 |         78 |       0 |    0 |     52 |      0 |      0 |          0 |
|       down_x                         |                      downsamplerFilter_252 |        708 |        648 |      60 |    0 |    938 |      0 |      0 |          2 |
|         cic_comp_down_inst           |                      cic_comp_down_mac_257 |         93 |         77 |      16 |    0 |    116 |      0 |      0 |          1 |
|         cic_inst                     |                                    cic_258 |        404 |        404 |       0 |    0 |    684 |      0 |      0 |          0 |
|         hb_down_inst                 |                            hb_down_mac_259 |        213 |        169 |      44 |    0 |    138 |      0 |      0 |          1 |
|       down_y                         |                      downsamplerFilter_253 |       2659 |       2599 |      60 |    0 |    938 |      0 |      0 |          2 |
|         cic_comp_down_inst           |                      cic_comp_down_mac_254 |         93 |         77 |      16 |    0 |    116 |      0 |      0 |          1 |
|         cic_inst                     |                                    cic_255 |        404 |        404 |       0 |    0 |    684 |      0 |      0 |          0 |
|         hb_down_inst                 |                            hb_down_mac_256 |       2165 |       2121 |      44 |    0 |    138 |      0 |      0 |          1 |
|     rx_2                             |                               rx_channel_6 |       3062 |       2940 |     120 |    2 |   3476 |      0 |      0 |          8 |
|       (rx_2)                         |                               rx_channel_6 |        157 |        157 |       0 |    0 |     26 |      0 |      0 |          0 |
|       cordic_down                    |                                 cordic_217 |       1614 |       1612 |       0 |    2 |   1574 |      0 |      0 |          4 |
|         cordic_round_inst            |                           cordic_round_226 |         20 |         20 |       0 |    0 |      0 |      0 |      0 |          0 |
|         cordic_stages[0].stage_inst  |                  cordic_pipeline_stage_227 |         58 |         58 |       0 |    0 |     54 |      0 |      0 |          0 |
|         cordic_stages[10].stage_inst |  cordic_pipeline_stage__parameterized9_228 |         68 |         68 |       0 |    0 |     70 |      0 |      0 |          0 |
|         cordic_stages[11].stage_inst | cordic_pipeline_stage__parameterized10_229 |         68 |         68 |       0 |    0 |     70 |      0 |      0 |          0 |
|         cordic_stages[12].stage_inst | cordic_pipeline_stage__parameterized11_230 |         68 |         68 |       0 |    0 |     70 |      0 |      0 |          0 |
|         cordic_stages[13].stage_inst | cordic_pipeline_stage__parameterized12_231 |         68 |         68 |       0 |    0 |     70 |      0 |      0 |          0 |
|         cordic_stages[14].stage_inst | cordic_pipeline_stage__parameterized13_232 |         66 |         66 |       0 |    0 |     70 |      0 |      0 |          0 |
|         cordic_stages[15].stage_inst | cordic_pipeline_stage__parameterized14_233 |         68 |         68 |       0 |    0 |     70 |      0 |      0 |          0 |
|         cordic_stages[16].stage_inst | cordic_pipeline_stage__parameterized15_234 |         64 |         64 |       0 |    0 |     69 |      0 |      0 |          0 |
|         cordic_stages[17].stage_inst | cordic_pipeline_stage__parameterized16_235 |         65 |         65 |       0 |    0 |     69 |      0 |      0 |          0 |
|         cordic_stages[18].stage_inst | cordic_pipeline_stage__parameterized17_236 |         67 |         66 |       0 |    1 |     69 |      0 |      0 |          0 |
|         cordic_stages[19].stage_inst | cordic_pipeline_stage__parameterized18_237 |         67 |         67 |       0 |    0 |     70 |      0 |      0 |          0 |
|         cordic_stages[1].stage_inst  |  cordic_pipeline_stage__parameterized0_238 |         64 |         64 |       0 |    0 |     58 |      0 |      0 |          0 |
|         cordic_stages[20].stage_inst | cordic_pipeline_stage__parameterized19_239 |         43 |         43 |       0 |    0 |     45 |      0 |      0 |          0 |
|         cordic_stages[21].stage_inst | cordic_pipeline_stage__parameterized19_240 |         22 |         22 |       0 |    0 |     44 |      0 |      0 |          0 |
|         cordic_stages[2].stage_inst  |  cordic_pipeline_stage__parameterized1_241 |         68 |         68 |       0 |    0 |     64 |      0 |      0 |          0 |
|         cordic_stages[3].stage_inst  |  cordic_pipeline_stage__parameterized2_242 |         68 |         68 |       0 |    0 |     70 |      0 |      0 |          0 |
|         cordic_stages[4].stage_inst  |  cordic_pipeline_stage__parameterized3_243 |         64 |         64 |       0 |    0 |     70 |      0 |      0 |          0 |
|         cordic_stages[5].stage_inst  |  cordic_pipeline_stage__parameterized4_244 |         68 |         68 |       0 |    0 |     70 |      0 |      0 |          0 |
|         cordic_stages[6].stage_inst  |  cordic_pipeline_stage__parameterized5_245 |         68 |         68 |       0 |    0 |     70 |      0 |      0 |          0 |
|         cordic_stages[7].stage_inst  |  cordic_pipeline_stage__parameterized6_246 |         65 |         65 |       0 |    0 |     69 |      0 |      0 |          0 |
|         cordic_stages[8].stage_inst  |  cordic_pipeline_stage__parameterized7_247 |         67 |         66 |       0 |    1 |     69 |      0 |      0 |          0 |
|         cordic_stages[9].stage_inst  |  cordic_pipeline_stage__parameterized8_248 |         68 |         68 |       0 |    0 |     70 |      0 |      0 |          0 |
|         gain_sat_inst                |                      gain_and_saturate_249 |        124 |        124 |       0 |    0 |     72 |      0 |      0 |          4 |
|         pre_stage                    |                      cordic_pre_rotate_250 |         78 |         78 |       0 |    0 |     52 |      0 |      0 |          0 |
|       down_x                         |                      downsamplerFilter_218 |        646 |        586 |      60 |    0 |    938 |      0 |      0 |          2 |
|         cic_comp_down_inst           |                      cic_comp_down_mac_223 |         92 |         76 |      16 |    0 |    116 |      0 |      0 |          1 |
|         cic_inst                     |                                    cic_224 |        404 |        404 |       0 |    0 |    684 |      0 |      0 |          0 |
|         hb_down_inst                 |                            hb_down_mac_225 |        150 |        106 |      44 |    0 |    138 |      0 |      0 |          1 |
|       down_y                         |                      downsamplerFilter_219 |        645 |        585 |      60 |    0 |    938 |      0 |      0 |          2 |
|         cic_comp_down_inst           |                      cic_comp_down_mac_220 |         93 |         77 |      16 |    0 |    116 |      0 |      0 |          1 |
|         cic_inst                     |                                    cic_221 |        404 |        404 |       0 |    0 |    684 |      0 |      0 |          0 |
|         hb_down_inst                 |                            hb_down_mac_222 |        151 |        107 |      44 |    0 |    138 |      0 |      0 |          1 |
|     rx_3                             |                               rx_channel_7 |       3063 |       2941 |     120 |    2 |   3476 |      0 |      0 |          8 |
|       (rx_3)                         |                               rx_channel_7 |        157 |        157 |       0 |    0 |     26 |      0 |      0 |          0 |
|       cordic_down                    |                                 cordic_183 |       1614 |       1612 |       0 |    2 |   1574 |      0 |      0 |          4 |
|         cordic_round_inst            |                           cordic_round_192 |         20 |         20 |       0 |    0 |      0 |      0 |      0 |          0 |
|         cordic_stages[0].stage_inst  |                  cordic_pipeline_stage_193 |         58 |         58 |       0 |    0 |     54 |      0 |      0 |          0 |
|         cordic_stages[10].stage_inst |  cordic_pipeline_stage__parameterized9_194 |         68 |         68 |       0 |    0 |     70 |      0 |      0 |          0 |
|         cordic_stages[11].stage_inst | cordic_pipeline_stage__parameterized10_195 |         68 |         68 |       0 |    0 |     70 |      0 |      0 |          0 |
|         cordic_stages[12].stage_inst | cordic_pipeline_stage__parameterized11_196 |         68 |         68 |       0 |    0 |     70 |      0 |      0 |          0 |
|         cordic_stages[13].stage_inst | cordic_pipeline_stage__parameterized12_197 |         68 |         68 |       0 |    0 |     70 |      0 |      0 |          0 |
|         cordic_stages[14].stage_inst | cordic_pipeline_stage__parameterized13_198 |         66 |         66 |       0 |    0 |     70 |      0 |      0 |          0 |
|         cordic_stages[15].stage_inst | cordic_pipeline_stage__parameterized14_199 |         68 |         68 |       0 |    0 |     70 |      0 |      0 |          0 |
|         cordic_stages[16].stage_inst | cordic_pipeline_stage__parameterized15_200 |         64 |         64 |       0 |    0 |     69 |      0 |      0 |          0 |
|         cordic_stages[17].stage_inst | cordic_pipeline_stage__parameterized16_201 |         65 |         65 |       0 |    0 |     69 |      0 |      0 |          0 |
|         cordic_stages[18].stage_inst | cordic_pipeline_stage__parameterized17_202 |         67 |         66 |       0 |    1 |     69 |      0 |      0 |          0 |
|         cordic_stages[19].stage_inst | cordic_pipeline_stage__parameterized18_203 |         67 |         67 |       0 |    0 |     70 |      0 |      0 |          0 |
|         cordic_stages[1].stage_inst  |  cordic_pipeline_stage__parameterized0_204 |         64 |         64 |       0 |    0 |     58 |      0 |      0 |          0 |
|         cordic_stages[20].stage_inst | cordic_pipeline_stage__parameterized19_205 |         43 |         43 |       0 |    0 |     45 |      0 |      0 |          0 |
|         cordic_stages[21].stage_inst | cordic_pipeline_stage__parameterized19_206 |         22 |         22 |       0 |    0 |     44 |      0 |      0 |          0 |
|         cordic_stages[2].stage_inst  |  cordic_pipeline_stage__parameterized1_207 |         68 |         68 |       0 |    0 |     64 |      0 |      0 |          0 |
|         cordic_stages[3].stage_inst  |  cordic_pipeline_stage__parameterized2_208 |         68 |         68 |       0 |    0 |     70 |      0 |      0 |          0 |
|         cordic_stages[4].stage_inst  |  cordic_pipeline_stage__parameterized3_209 |         64 |         64 |       0 |    0 |     70 |      0 |      0 |          0 |
|         cordic_stages[5].stage_inst  |  cordic_pipeline_stage__parameterized4_210 |         68 |         68 |       0 |    0 |     70 |      0 |      0 |          0 |
|         cordic_stages[6].stage_inst  |  cordic_pipeline_stage__parameterized5_211 |         68 |         68 |       0 |    0 |     70 |      0 |      0 |          0 |
|         cordic_stages[7].stage_inst  |  cordic_pipeline_stage__parameterized6_212 |         65 |         65 |       0 |    0 |     69 |      0 |      0 |          0 |
|         cordic_stages[8].stage_inst  |  cordic_pipeline_stage__parameterized7_213 |         67 |         66 |       0 |    1 |     69 |      0 |      0 |          0 |
|         cordic_stages[9].stage_inst  |  cordic_pipeline_stage__parameterized8_214 |         68 |         68 |       0 |    0 |     70 |      0 |      0 |          0 |
|         gain_sat_inst                |                      gain_and_saturate_215 |        124 |        124 |       0 |    0 |     72 |      0 |      0 |          4 |
|         pre_stage                    |                      cordic_pre_rotate_216 |         78 |         78 |       0 |    0 |     52 |      0 |      0 |          0 |
|       down_x                         |                      downsamplerFilter_184 |        646 |        586 |      60 |    0 |    938 |      0 |      0 |          2 |
|         cic_comp_down_inst           |                      cic_comp_down_mac_189 |         92 |         76 |      16 |    0 |    116 |      0 |      0 |          1 |
|         cic_inst                     |                                    cic_190 |        404 |        404 |       0 |    0 |    684 |      0 |      0 |          0 |
|         hb_down_inst                 |                            hb_down_mac_191 |        152 |        108 |      44 |    0 |    138 |      0 |      0 |          1 |
|       down_y                         |                      downsamplerFilter_185 |        646 |        586 |      60 |    0 |    938 |      0 |      0 |          2 |
|         cic_comp_down_inst           |                      cic_comp_down_mac_186 |         92 |         76 |      16 |    0 |    116 |      0 |      0 |          1 |
|         cic_inst                     |                                    cic_187 |        404 |        404 |       0 |    0 |    684 |      0 |      0 |          0 |
|         hb_down_inst                 |                            hb_down_mac_188 |        151 |        107 |      44 |    0 |    138 |      0 |      0 |          1 |
|     rx_4                             |                               rx_channel_8 |       3082 |       2960 |     120 |    2 |   3476 |      0 |      0 |          8 |
|       (rx_4)                         |                               rx_channel_8 |        157 |        157 |       0 |    0 |     26 |      0 |      0 |          0 |
|       cordic_down                    |                                 cordic_149 |       1633 |       1631 |       0 |    2 |   1574 |      0 |      0 |          4 |
|         cordic_round_inst            |                           cordic_round_158 |         20 |         20 |       0 |    0 |      0 |      0 |      0 |          0 |
|         cordic_stages[0].stage_inst  |                  cordic_pipeline_stage_159 |         58 |         58 |       0 |    0 |     54 |      0 |      0 |          0 |
|         cordic_stages[10].stage_inst |  cordic_pipeline_stage__parameterized9_160 |         68 |         68 |       0 |    0 |     70 |      0 |      0 |          0 |
|         cordic_stages[11].stage_inst | cordic_pipeline_stage__parameterized10_161 |         68 |         68 |       0 |    0 |     70 |      0 |      0 |          0 |
|         cordic_stages[12].stage_inst | cordic_pipeline_stage__parameterized11_162 |         68 |         68 |       0 |    0 |     70 |      0 |      0 |          0 |
|         cordic_stages[13].stage_inst | cordic_pipeline_stage__parameterized12_163 |         68 |         68 |       0 |    0 |     70 |      0 |      0 |          0 |
|         cordic_stages[14].stage_inst | cordic_pipeline_stage__parameterized13_164 |         66 |         66 |       0 |    0 |     70 |      0 |      0 |          0 |
|         cordic_stages[15].stage_inst | cordic_pipeline_stage__parameterized14_165 |         68 |         68 |       0 |    0 |     70 |      0 |      0 |          0 |
|         cordic_stages[16].stage_inst | cordic_pipeline_stage__parameterized15_166 |         64 |         64 |       0 |    0 |     69 |      0 |      0 |          0 |
|         cordic_stages[17].stage_inst | cordic_pipeline_stage__parameterized16_167 |         65 |         65 |       0 |    0 |     69 |      0 |      0 |          0 |
|         cordic_stages[18].stage_inst | cordic_pipeline_stage__parameterized17_168 |         67 |         66 |       0 |    1 |     69 |      0 |      0 |          0 |
|         cordic_stages[19].stage_inst | cordic_pipeline_stage__parameterized18_169 |         67 |         67 |       0 |    0 |     70 |      0 |      0 |          0 |
|         cordic_stages[1].stage_inst  |  cordic_pipeline_stage__parameterized0_170 |         64 |         64 |       0 |    0 |     58 |      0 |      0 |          0 |
|         cordic_stages[20].stage_inst | cordic_pipeline_stage__parameterized19_171 |         43 |         43 |       0 |    0 |     45 |      0 |      0 |          0 |
|         cordic_stages[21].stage_inst | cordic_pipeline_stage__parameterized19_172 |         22 |         22 |       0 |    0 |     44 |      0 |      0 |          0 |
|         cordic_stages[2].stage_inst  |  cordic_pipeline_stage__parameterized1_173 |         68 |         68 |       0 |    0 |     64 |      0 |      0 |          0 |
|         cordic_stages[3].stage_inst  |  cordic_pipeline_stage__parameterized2_174 |         68 |         68 |       0 |    0 |     70 |      0 |      0 |          0 |
|         cordic_stages[4].stage_inst  |  cordic_pipeline_stage__parameterized3_175 |         64 |         64 |       0 |    0 |     70 |      0 |      0 |          0 |
|         cordic_stages[5].stage_inst  |  cordic_pipeline_stage__parameterized4_176 |         68 |         68 |       0 |    0 |     70 |      0 |      0 |          0 |
|         cordic_stages[6].stage_inst  |  cordic_pipeline_stage__parameterized5_177 |         68 |         68 |       0 |    0 |     70 |      0 |      0 |          0 |
|         cordic_stages[7].stage_inst  |  cordic_pipeline_stage__parameterized6_178 |         65 |         65 |       0 |    0 |     69 |      0 |      0 |          0 |
|         cordic_stages[8].stage_inst  |  cordic_pipeline_stage__parameterized7_179 |         67 |         66 |       0 |    1 |     69 |      0 |      0 |          0 |
|         cordic_stages[9].stage_inst  |  cordic_pipeline_stage__parameterized8_180 |         68 |         68 |       0 |    0 |     70 |      0 |      0 |          0 |
|         gain_sat_inst                |                      gain_and_saturate_181 |        124 |        124 |       0 |    0 |     72 |      0 |      0 |          4 |
|         pre_stage                    |                      cordic_pre_rotate_182 |         97 |         97 |       0 |    0 |     52 |      0 |      0 |          0 |
|       down_x                         |                      downsamplerFilter_150 |        646 |        586 |      60 |    0 |    938 |      0 |      0 |          2 |
|         cic_comp_down_inst           |                      cic_comp_down_mac_155 |         94 |         78 |      16 |    0 |    116 |      0 |      0 |          1 |
|         cic_inst                     |                                    cic_156 |        404 |        404 |       0 |    0 |    684 |      0 |      0 |          0 |
|         hb_down_inst                 |                            hb_down_mac_157 |        153 |        109 |      44 |    0 |    138 |      0 |      0 |          1 |
|       down_y                         |                      downsamplerFilter_151 |        646 |        586 |      60 |    0 |    938 |      0 |      0 |          2 |
|         cic_comp_down_inst           |                      cic_comp_down_mac_152 |         92 |         76 |      16 |    0 |    116 |      0 |      0 |          1 |
|         cic_inst                     |                                    cic_153 |        404 |        404 |       0 |    0 |    684 |      0 |      0 |          0 |
|         hb_down_inst                 |                            hb_down_mac_154 |        151 |        107 |      44 |    0 |    138 |      0 |      0 |          1 |
|     rx_5                             |                               rx_channel_9 |       3067 |       2945 |     120 |    2 |   3476 |      0 |      0 |          8 |
|       (rx_5)                         |                               rx_channel_9 |        157 |        157 |       0 |    0 |     26 |      0 |      0 |          0 |
|       cordic_down                    |                                 cordic_143 |       1615 |       1613 |       0 |    2 |   1574 |      0 |      0 |          4 |
|         cordic_round_inst            |                               cordic_round |         20 |         20 |       0 |    0 |      0 |      0 |      0 |          0 |
|         cordic_stages[0].stage_inst  |                      cordic_pipeline_stage |         58 |         58 |       0 |    0 |     54 |      0 |      0 |          0 |
|         cordic_stages[10].stage_inst |      cordic_pipeline_stage__parameterized9 |         68 |         68 |       0 |    0 |     70 |      0 |      0 |          0 |
|         cordic_stages[11].stage_inst |     cordic_pipeline_stage__parameterized10 |         68 |         68 |       0 |    0 |     70 |      0 |      0 |          0 |
|         cordic_stages[12].stage_inst |     cordic_pipeline_stage__parameterized11 |         68 |         68 |       0 |    0 |     70 |      0 |      0 |          0 |
|         cordic_stages[13].stage_inst |     cordic_pipeline_stage__parameterized12 |         68 |         68 |       0 |    0 |     70 |      0 |      0 |          0 |
|         cordic_stages[14].stage_inst |     cordic_pipeline_stage__parameterized13 |         66 |         66 |       0 |    0 |     70 |      0 |      0 |          0 |
|         cordic_stages[15].stage_inst |     cordic_pipeline_stage__parameterized14 |         68 |         68 |       0 |    0 |     70 |      0 |      0 |          0 |
|         cordic_stages[16].stage_inst |     cordic_pipeline_stage__parameterized15 |         64 |         64 |       0 |    0 |     69 |      0 |      0 |          0 |
|         cordic_stages[17].stage_inst |     cordic_pipeline_stage__parameterized16 |         65 |         65 |       0 |    0 |     69 |      0 |      0 |          0 |
|         cordic_stages[18].stage_inst |     cordic_pipeline_stage__parameterized17 |         67 |         66 |       0 |    1 |     69 |      0 |      0 |          0 |
|         cordic_stages[19].stage_inst |     cordic_pipeline_stage__parameterized18 |         67 |         67 |       0 |    0 |     70 |      0 |      0 |          0 |
|         cordic_stages[1].stage_inst  |      cordic_pipeline_stage__parameterized0 |         64 |         64 |       0 |    0 |     58 |      0 |      0 |          0 |
|         cordic_stages[20].stage_inst |     cordic_pipeline_stage__parameterized19 |         43 |         43 |       0 |    0 |     45 |      0 |      0 |          0 |
|         cordic_stages[21].stage_inst | cordic_pipeline_stage__parameterized19_148 |         22 |         22 |       0 |    0 |     44 |      0 |      0 |          0 |
|         cordic_stages[2].stage_inst  |      cordic_pipeline_stage__parameterized1 |         68 |         68 |       0 |    0 |     64 |      0 |      0 |          0 |
|         cordic_stages[3].stage_inst  |      cordic_pipeline_stage__parameterized2 |         68 |         68 |       0 |    0 |     70 |      0 |      0 |          0 |
|         cordic_stages[4].stage_inst  |      cordic_pipeline_stage__parameterized3 |         64 |         64 |       0 |    0 |     70 |      0 |      0 |          0 |
|         cordic_stages[5].stage_inst  |      cordic_pipeline_stage__parameterized4 |         68 |         68 |       0 |    0 |     70 |      0 |      0 |          0 |
|         cordic_stages[6].stage_inst  |      cordic_pipeline_stage__parameterized5 |         68 |         68 |       0 |    0 |     70 |      0 |      0 |          0 |
|         cordic_stages[7].stage_inst  |      cordic_pipeline_stage__parameterized6 |         65 |         65 |       0 |    0 |     69 |      0 |      0 |          0 |
|         cordic_stages[8].stage_inst  |      cordic_pipeline_stage__parameterized7 |         67 |         66 |       0 |    1 |     69 |      0 |      0 |          0 |
|         cordic_stages[9].stage_inst  |      cordic_pipeline_stage__parameterized8 |         68 |         68 |       0 |    0 |     70 |      0 |      0 |          0 |
|         gain_sat_inst                |                          gain_and_saturate |        124 |        124 |       0 |    0 |     72 |      0 |      0 |          4 |
|         pre_stage                    |                          cordic_pre_rotate |         79 |         79 |       0 |    0 |     52 |      0 |      0 |          0 |
|       down_x                         |                          downsamplerFilter |        645 |        585 |      60 |    0 |    938 |      0 |      0 |          2 |
|         cic_comp_down_inst           |                      cic_comp_down_mac_145 |         92 |         76 |      16 |    0 |    116 |      0 |      0 |          1 |
|         cic_inst                     |                                    cic_146 |        404 |        404 |       0 |    0 |    684 |      0 |      0 |          0 |
|         hb_down_inst                 |                            hb_down_mac_147 |        150 |        106 |      44 |    0 |    138 |      0 |      0 |          1 |
|       down_y                         |                      downsamplerFilter_144 |        650 |        590 |      60 |    0 |    938 |      0 |      0 |          2 |
|         cic_comp_down_inst           |                          cic_comp_down_mac |         94 |         78 |      16 |    0 |    116 |      0 |      0 |          1 |
|         cic_inst                     |                                        cic |        404 |        404 |       0 |    0 |    684 |      0 |      0 |          0 |
|         hb_down_inst                 |                                hb_down_mac |        153 |        109 |      44 |    0 |    138 |      0 |      0 |          1 |
|     tx_1                             |                                 tx_channel |       3982 |       3980 |       0 |    2 |   6526 |      0 |      2 |          6 |
|       cordic_up                      |                               cordic16_112 |       1100 |       1098 |       0 |    2 |   1154 |      0 |      0 |          2 |
|         (cordic_up)                  |                               cordic16_112 |        292 |        292 |       0 |    0 |      0 |      0 |      0 |          0 |
|         cordic_round_inst1           |           cordic_round__parameterized0_121 |         15 |         15 |       0 |    0 |      0 |      0 |      0 |          0 |
|         cordic_stages[0].stage_inst  | cordic_pipeline_stage__parameterized21_122 |         48 |         48 |       0 |    0 |     58 |      0 |      0 |          0 |
|         cordic_stages[10].stage_inst | cordic_pipeline_stage__parameterized31_123 |         41 |         41 |       0 |    0 |     61 |      0 |      0 |          0 |
|         cordic_stages[11].stage_inst | cordic_pipeline_stage__parameterized32_124 |         39 |         39 |       0 |    0 |     61 |      0 |      0 |          0 |
|         cordic_stages[12].stage_inst | cordic_pipeline_stage__parameterized33_125 |         40 |         40 |       0 |    0 |     61 |      0 |      0 |          0 |
|         cordic_stages[13].stage_inst | cordic_pipeline_stage__parameterized34_126 |         38 |         38 |       0 |    0 |     60 |      0 |      0 |          0 |
|         cordic_stages[14].stage_inst | cordic_pipeline_stage__parameterized35_127 |         38 |         38 |       0 |    0 |     60 |      0 |      0 |          0 |
|         cordic_stages[15].stage_inst | cordic_pipeline_stage__parameterized36_128 |         39 |         38 |       0 |    1 |     60 |      0 |      0 |          0 |
|         cordic_stages[16].stage_inst | cordic_pipeline_stage__parameterized37_129 |         38 |         38 |       0 |    0 |     61 |      0 |      0 |          0 |
|         cordic_stages[17].stage_inst | cordic_pipeline_stage__parameterized38_130 |         18 |         18 |       0 |    0 |     21 |      0 |      0 |          0 |
|         cordic_stages[18].stage_inst | cordic_pipeline_stage__parameterized38_131 |          0 |          0 |       0 |    0 |     19 |      0 |      0 |          0 |
|         cordic_stages[1].stage_inst  | cordic_pipeline_stage__parameterized22_132 |         41 |         41 |       0 |    0 |     60 |      0 |      0 |          0 |
|         cordic_stages[2].stage_inst  | cordic_pipeline_stage__parameterized23_133 |         44 |         43 |       0 |    1 |     60 |      0 |      0 |          0 |
|         cordic_stages[3].stage_inst  | cordic_pipeline_stage__parameterized24_134 |         46 |         46 |       0 |    0 |     61 |      0 |      0 |          0 |
|         cordic_stages[4].stage_inst  | cordic_pipeline_stage__parameterized25_135 |         46 |         46 |       0 |    0 |     61 |      0 |      0 |          0 |
|         cordic_stages[5].stage_inst  | cordic_pipeline_stage__parameterized26_136 |         44 |         44 |       0 |    0 |     61 |      0 |      0 |          0 |
|         cordic_stages[6].stage_inst  | cordic_pipeline_stage__parameterized27_137 |         45 |         45 |       0 |    0 |     61 |      0 |      0 |          0 |
|         cordic_stages[7].stage_inst  | cordic_pipeline_stage__parameterized28_138 |         44 |         44 |       0 |    0 |     61 |      0 |      0 |          0 |
|         cordic_stages[8].stage_inst  | cordic_pipeline_stage__parameterized29_139 |         43 |         43 |       0 |    0 |     61 |      0 |      0 |          0 |
|         cordic_stages[9].stage_inst  | cordic_pipeline_stage__parameterized30_140 |         42 |         42 |       0 |    0 |     61 |      0 |      0 |          0 |
|         gain_sat_inst                |      gain_and_saturate__parameterized0_141 |         17 |         17 |       0 |    0 |     48 |      0 |      0 |          2 |
|         pre_stage                    |                   cordic_pre_rotate_16_142 |         42 |         42 |       0 |    0 |     37 |      0 |      0 |          0 |
|       up_x                           |                        upsamplerFilter_113 |       1441 |       1441 |       0 |    0 |   2686 |      0 |      1 |          2 |
|         (up_x)                       |                        upsamplerFilter_113 |        708 |        708 |       0 |    0 |      0 |      0 |      0 |          0 |
|         comp_inst                    |                        cic_comp_up_mac_118 |        261 |        261 |       0 |    0 |    626 |      0 |      0 |          1 |
|         hb_inst                      |                              hb_up_mac_119 |        420 |        420 |       0 |    0 |   1158 |      0 |      1 |          1 |
|         u_cic_int                    |                                cic_int_120 |         55 |         55 |       0 |    0 |    902 |      0 |      0 |          0 |
|       up_y                           |                        upsamplerFilter_114 |       1441 |       1441 |       0 |    0 |   2686 |      0 |      1 |          2 |
|         (up_y)                       |                        upsamplerFilter_114 |        708 |        708 |       0 |    0 |      0 |      0 |      0 |          0 |
|         comp_inst                    |                        cic_comp_up_mac_115 |        261 |        261 |       0 |    0 |    626 |      0 |      0 |          1 |
|         hb_inst                      |                              hb_up_mac_116 |        420 |        420 |       0 |    0 |   1158 |      0 |      1 |          1 |
|         u_cic_int                    |                                cic_int_117 |         55 |         55 |       0 |    0 |    902 |      0 |      0 |          0 |
|     tx_2                             |                              tx_channel_10 |       3963 |       3961 |       0 |    2 |   6525 |      0 |      2 |          6 |
|       cordic_up                      |                                cordic16_81 |       1084 |       1082 |       0 |    2 |   1154 |      0 |      0 |          2 |
|         (cordic_up)                  |                                cordic16_81 |        292 |        292 |       0 |    0 |      0 |      0 |      0 |          0 |
|         cordic_round_inst1           |            cordic_round__parameterized0_90 |         15 |         15 |       0 |    0 |      0 |      0 |      0 |          0 |
|         cordic_stages[0].stage_inst  |  cordic_pipeline_stage__parameterized21_91 |         48 |         48 |       0 |    0 |     58 |      0 |      0 |          0 |
|         cordic_stages[10].stage_inst |  cordic_pipeline_stage__parameterized31_92 |         41 |         41 |       0 |    0 |     61 |      0 |      0 |          0 |
|         cordic_stages[11].stage_inst |  cordic_pipeline_stage__parameterized32_93 |         39 |         39 |       0 |    0 |     61 |      0 |      0 |          0 |
|         cordic_stages[12].stage_inst |  cordic_pipeline_stage__parameterized33_94 |         40 |         40 |       0 |    0 |     61 |      0 |      0 |          0 |
|         cordic_stages[13].stage_inst |  cordic_pipeline_stage__parameterized34_95 |         38 |         38 |       0 |    0 |     60 |      0 |      0 |          0 |
|         cordic_stages[14].stage_inst |  cordic_pipeline_stage__parameterized35_96 |         38 |         38 |       0 |    0 |     60 |      0 |      0 |          0 |
|         cordic_stages[15].stage_inst |  cordic_pipeline_stage__parameterized36_97 |         39 |         38 |       0 |    1 |     60 |      0 |      0 |          0 |
|         cordic_stages[16].stage_inst |  cordic_pipeline_stage__parameterized37_98 |         38 |         38 |       0 |    0 |     61 |      0 |      0 |          0 |
|         cordic_stages[17].stage_inst |  cordic_pipeline_stage__parameterized38_99 |         18 |         18 |       0 |    0 |     21 |      0 |      0 |          0 |
|         cordic_stages[18].stage_inst | cordic_pipeline_stage__parameterized38_100 |          0 |          0 |       0 |    0 |     19 |      0 |      0 |          0 |
|         cordic_stages[1].stage_inst  | cordic_pipeline_stage__parameterized22_101 |         41 |         41 |       0 |    0 |     60 |      0 |      0 |          0 |
|         cordic_stages[2].stage_inst  | cordic_pipeline_stage__parameterized23_102 |         44 |         43 |       0 |    1 |     60 |      0 |      0 |          0 |
|         cordic_stages[3].stage_inst  | cordic_pipeline_stage__parameterized24_103 |         46 |         46 |       0 |    0 |     61 |      0 |      0 |          0 |
|         cordic_stages[4].stage_inst  | cordic_pipeline_stage__parameterized25_104 |         46 |         46 |       0 |    0 |     61 |      0 |      0 |          0 |
|         cordic_stages[5].stage_inst  | cordic_pipeline_stage__parameterized26_105 |         44 |         44 |       0 |    0 |     61 |      0 |      0 |          0 |
|         cordic_stages[6].stage_inst  | cordic_pipeline_stage__parameterized27_106 |         45 |         45 |       0 |    0 |     61 |      0 |      0 |          0 |
|         cordic_stages[7].stage_inst  | cordic_pipeline_stage__parameterized28_107 |         44 |         44 |       0 |    0 |     61 |      0 |      0 |          0 |
|         cordic_stages[8].stage_inst  | cordic_pipeline_stage__parameterized29_108 |         43 |         43 |       0 |    0 |     61 |      0 |      0 |          0 |
|         cordic_stages[9].stage_inst  | cordic_pipeline_stage__parameterized30_109 |         42 |         42 |       0 |    0 |     61 |      0 |      0 |          0 |
|         gain_sat_inst                |      gain_and_saturate__parameterized0_110 |          1 |          1 |       0 |    0 |     48 |      0 |      0 |          2 |
|         pre_stage                    |                   cordic_pre_rotate_16_111 |         42 |         42 |       0 |    0 |     37 |      0 |      0 |          0 |
|       up_x                           |                         upsamplerFilter_82 |       1442 |       1442 |       0 |    0 |   2686 |      0 |      1 |          2 |
|         (up_x)                       |                         upsamplerFilter_82 |        708 |        708 |       0 |    0 |      0 |      0 |      0 |          0 |
|         comp_inst                    |                         cic_comp_up_mac_87 |        262 |        262 |       0 |    0 |    626 |      0 |      0 |          1 |
|         hb_inst                      |                               hb_up_mac_88 |        420 |        420 |       0 |    0 |   1158 |      0 |      1 |          1 |
|         u_cic_int                    |                                 cic_int_89 |         55 |         55 |       0 |    0 |    902 |      0 |      0 |          0 |
|       up_y                           |                         upsamplerFilter_83 |       1437 |       1437 |       0 |    0 |   2685 |      0 |      1 |          2 |
|         (up_y)                       |                         upsamplerFilter_83 |        708 |        708 |       0 |    0 |      0 |      0 |      0 |          0 |
|         comp_inst                    |                         cic_comp_up_mac_84 |        261 |        261 |       0 |    0 |    626 |      0 |      0 |          1 |
|         hb_inst                      |                               hb_up_mac_85 |        417 |        417 |       0 |    0 |   1157 |      0 |      1 |          1 |
|         u_cic_int                    |                                 cic_int_86 |         55 |         55 |       0 |    0 |    902 |      0 |      0 |          0 |
|     tx_3                             |                              tx_channel_11 |       4010 |       4008 |       0 |    2 |   6526 |      0 |      2 |          6 |
|       cordic_up                      |                                cordic16_50 |       1130 |       1128 |       0 |    2 |   1154 |      0 |      0 |          2 |
|         (cordic_up)                  |                                cordic16_50 |        292 |        292 |       0 |    0 |      0 |      0 |      0 |          0 |
|         cordic_round_inst1           |            cordic_round__parameterized0_59 |         15 |         15 |       0 |    0 |      0 |      0 |      0 |          0 |
|         cordic_stages[0].stage_inst  |  cordic_pipeline_stage__parameterized21_60 |         48 |         48 |       0 |    0 |     58 |      0 |      0 |          0 |
|         cordic_stages[10].stage_inst |  cordic_pipeline_stage__parameterized31_61 |         41 |         41 |       0 |    0 |     61 |      0 |      0 |          0 |
|         cordic_stages[11].stage_inst |  cordic_pipeline_stage__parameterized32_62 |         39 |         39 |       0 |    0 |     61 |      0 |      0 |          0 |
|         cordic_stages[12].stage_inst |  cordic_pipeline_stage__parameterized33_63 |         40 |         40 |       0 |    0 |     61 |      0 |      0 |          0 |
|         cordic_stages[13].stage_inst |  cordic_pipeline_stage__parameterized34_64 |         38 |         38 |       0 |    0 |     60 |      0 |      0 |          0 |
|         cordic_stages[14].stage_inst |  cordic_pipeline_stage__parameterized35_65 |         38 |         38 |       0 |    0 |     60 |      0 |      0 |          0 |
|         cordic_stages[15].stage_inst |  cordic_pipeline_stage__parameterized36_66 |         39 |         38 |       0 |    1 |     60 |      0 |      0 |          0 |
|         cordic_stages[16].stage_inst |  cordic_pipeline_stage__parameterized37_67 |         38 |         38 |       0 |    0 |     61 |      0 |      0 |          0 |
|         cordic_stages[17].stage_inst |  cordic_pipeline_stage__parameterized38_68 |         18 |         18 |       0 |    0 |     21 |      0 |      0 |          0 |
|         cordic_stages[18].stage_inst |  cordic_pipeline_stage__parameterized38_69 |          0 |          0 |       0 |    0 |     19 |      0 |      0 |          0 |
|         cordic_stages[1].stage_inst  |  cordic_pipeline_stage__parameterized22_70 |         41 |         41 |       0 |    0 |     60 |      0 |      0 |          0 |
|         cordic_stages[2].stage_inst  |  cordic_pipeline_stage__parameterized23_71 |         44 |         43 |       0 |    1 |     60 |      0 |      0 |          0 |
|         cordic_stages[3].stage_inst  |  cordic_pipeline_stage__parameterized24_72 |         46 |         46 |       0 |    0 |     61 |      0 |      0 |          0 |
|         cordic_stages[4].stage_inst  |  cordic_pipeline_stage__parameterized25_73 |         46 |         46 |       0 |    0 |     61 |      0 |      0 |          0 |
|         cordic_stages[5].stage_inst  |  cordic_pipeline_stage__parameterized26_74 |         44 |         44 |       0 |    0 |     61 |      0 |      0 |          0 |
|         cordic_stages[6].stage_inst  |  cordic_pipeline_stage__parameterized27_75 |         45 |         45 |       0 |    0 |     61 |      0 |      0 |          0 |
|         cordic_stages[7].stage_inst  |  cordic_pipeline_stage__parameterized28_76 |         44 |         44 |       0 |    0 |     61 |      0 |      0 |          0 |
|         cordic_stages[8].stage_inst  |  cordic_pipeline_stage__parameterized29_77 |         43 |         43 |       0 |    0 |     61 |      0 |      0 |          0 |
|         cordic_stages[9].stage_inst  |  cordic_pipeline_stage__parameterized30_78 |         42 |         42 |       0 |    0 |     61 |      0 |      0 |          0 |
|         gain_sat_inst                |       gain_and_saturate__parameterized0_79 |         47 |         47 |       0 |    0 |     48 |      0 |      0 |          2 |
|         pre_stage                    |                    cordic_pre_rotate_16_80 |         42 |         42 |       0 |    0 |     37 |      0 |      0 |          0 |
|       up_x                           |                         upsamplerFilter_51 |       1440 |       1440 |       0 |    0 |   2686 |      0 |      1 |          2 |
|         (up_x)                       |                         upsamplerFilter_51 |        708 |        708 |       0 |    0 |      0 |      0 |      0 |          0 |
|         comp_inst                    |                         cic_comp_up_mac_56 |        261 |        261 |       0 |    0 |    626 |      0 |      0 |          1 |
|         hb_inst                      |                               hb_up_mac_57 |        420 |        420 |       0 |    0 |   1158 |      0 |      1 |          1 |
|         u_cic_int                    |                                 cic_int_58 |         55 |         55 |       0 |    0 |    902 |      0 |      0 |          0 |
|       up_y                           |                         upsamplerFilter_52 |       1440 |       1440 |       0 |    0 |   2686 |      0 |      1 |          2 |
|         (up_y)                       |                         upsamplerFilter_52 |        708 |        708 |       0 |    0 |      0 |      0 |      0 |          0 |
|         comp_inst                    |                         cic_comp_up_mac_53 |        260 |        260 |       0 |    0 |    626 |      0 |      0 |          1 |
|         hb_inst                      |                               hb_up_mac_54 |        420 |        420 |       0 |    0 |   1158 |      0 |      1 |          1 |
|         u_cic_int                    |                                 cic_int_55 |         55 |         55 |       0 |    0 |    902 |      0 |      0 |          0 |
|     tx_4                             |                              tx_channel_12 |       3976 |       3974 |       0 |    2 |   6526 |      0 |      2 |          6 |
|       cordic_up                      |                                cordic16_19 |       1096 |       1094 |       0 |    2 |   1154 |      0 |      0 |          2 |
|         (cordic_up)                  |                                cordic16_19 |        292 |        292 |       0 |    0 |      0 |      0 |      0 |          0 |
|         cordic_round_inst1           |            cordic_round__parameterized0_28 |         15 |         15 |       0 |    0 |      0 |      0 |      0 |          0 |
|         cordic_stages[0].stage_inst  |  cordic_pipeline_stage__parameterized21_29 |         48 |         48 |       0 |    0 |     58 |      0 |      0 |          0 |
|         cordic_stages[10].stage_inst |  cordic_pipeline_stage__parameterized31_30 |         41 |         41 |       0 |    0 |     61 |      0 |      0 |          0 |
|         cordic_stages[11].stage_inst |  cordic_pipeline_stage__parameterized32_31 |         39 |         39 |       0 |    0 |     61 |      0 |      0 |          0 |
|         cordic_stages[12].stage_inst |  cordic_pipeline_stage__parameterized33_32 |         40 |         40 |       0 |    0 |     61 |      0 |      0 |          0 |
|         cordic_stages[13].stage_inst |  cordic_pipeline_stage__parameterized34_33 |         38 |         38 |       0 |    0 |     60 |      0 |      0 |          0 |
|         cordic_stages[14].stage_inst |  cordic_pipeline_stage__parameterized35_34 |         38 |         38 |       0 |    0 |     60 |      0 |      0 |          0 |
|         cordic_stages[15].stage_inst |  cordic_pipeline_stage__parameterized36_35 |         39 |         38 |       0 |    1 |     60 |      0 |      0 |          0 |
|         cordic_stages[16].stage_inst |  cordic_pipeline_stage__parameterized37_36 |         38 |         38 |       0 |    0 |     61 |      0 |      0 |          0 |
|         cordic_stages[17].stage_inst |  cordic_pipeline_stage__parameterized38_37 |         18 |         18 |       0 |    0 |     21 |      0 |      0 |          0 |
|         cordic_stages[18].stage_inst |  cordic_pipeline_stage__parameterized38_38 |          0 |          0 |       0 |    0 |     19 |      0 |      0 |          0 |
|         cordic_stages[1].stage_inst  |  cordic_pipeline_stage__parameterized22_39 |         41 |         41 |       0 |    0 |     60 |      0 |      0 |          0 |
|         cordic_stages[2].stage_inst  |  cordic_pipeline_stage__parameterized23_40 |         44 |         43 |       0 |    1 |     60 |      0 |      0 |          0 |
|         cordic_stages[3].stage_inst  |  cordic_pipeline_stage__parameterized24_41 |         46 |         46 |       0 |    0 |     61 |      0 |      0 |          0 |
|         cordic_stages[4].stage_inst  |  cordic_pipeline_stage__parameterized25_42 |         46 |         46 |       0 |    0 |     61 |      0 |      0 |          0 |
|         cordic_stages[5].stage_inst  |  cordic_pipeline_stage__parameterized26_43 |         44 |         44 |       0 |    0 |     61 |      0 |      0 |          0 |
|         cordic_stages[6].stage_inst  |  cordic_pipeline_stage__parameterized27_44 |         45 |         45 |       0 |    0 |     61 |      0 |      0 |          0 |
|         cordic_stages[7].stage_inst  |  cordic_pipeline_stage__parameterized28_45 |         44 |         44 |       0 |    0 |     61 |      0 |      0 |          0 |
|         cordic_stages[8].stage_inst  |  cordic_pipeline_stage__parameterized29_46 |         43 |         43 |       0 |    0 |     61 |      0 |      0 |          0 |
|         cordic_stages[9].stage_inst  |  cordic_pipeline_stage__parameterized30_47 |         42 |         42 |       0 |    0 |     61 |      0 |      0 |          0 |
|         gain_sat_inst                |       gain_and_saturate__parameterized0_48 |         13 |         13 |       0 |    0 |     48 |      0 |      0 |          2 |
|         pre_stage                    |                    cordic_pre_rotate_16_49 |         42 |         42 |       0 |    0 |     37 |      0 |      0 |          0 |
|       up_x                           |                         upsamplerFilter_20 |       1440 |       1440 |       0 |    0 |   2686 |      0 |      1 |          2 |
|         (up_x)                       |                         upsamplerFilter_20 |        708 |        708 |       0 |    0 |      0 |      0 |      0 |          0 |
|         comp_inst                    |                         cic_comp_up_mac_25 |        261 |        261 |       0 |    0 |    626 |      0 |      0 |          1 |
|         hb_inst                      |                               hb_up_mac_26 |        420 |        420 |       0 |    0 |   1158 |      0 |      1 |          1 |
|         u_cic_int                    |                                 cic_int_27 |         55 |         55 |       0 |    0 |    902 |      0 |      0 |          0 |
|       up_y                           |                         upsamplerFilter_21 |       1440 |       1440 |       0 |    0 |   2686 |      0 |      1 |          2 |
|         (up_y)                       |                         upsamplerFilter_21 |        708 |        708 |       0 |    0 |      0 |      0 |      0 |          0 |
|         comp_inst                    |                         cic_comp_up_mac_22 |        261 |        261 |       0 |    0 |    626 |      0 |      0 |          1 |
|         hb_inst                      |                               hb_up_mac_23 |        420 |        420 |       0 |    0 |   1158 |      0 |      1 |          1 |
|         u_cic_int                    |                                 cic_int_24 |         55 |         55 |       0 |    0 |    902 |      0 |      0 |          0 |
|     tx_5                             |                              tx_channel_13 |       3963 |       3961 |       0 |    2 |   6523 |      0 |      2 |          6 |
|       cordic_up                      |                                   cordic16 |       1084 |       1082 |       0 |    2 |   1152 |      0 |      0 |          2 |
|         (cordic_up)                  |                                   cordic16 |        292 |        292 |       0 |    0 |      0 |      0 |      0 |          0 |
|         cordic_round_inst1           |               cordic_round__parameterized0 |         15 |         15 |       0 |    0 |      0 |      0 |      0 |          0 |
|         cordic_stages[0].stage_inst  |     cordic_pipeline_stage__parameterized21 |         48 |         48 |       0 |    0 |     58 |      0 |      0 |          0 |
|         cordic_stages[10].stage_inst |     cordic_pipeline_stage__parameterized31 |         41 |         41 |       0 |    0 |     61 |      0 |      0 |          0 |
|         cordic_stages[11].stage_inst |     cordic_pipeline_stage__parameterized32 |         39 |         39 |       0 |    0 |     61 |      0 |      0 |          0 |
|         cordic_stages[12].stage_inst |     cordic_pipeline_stage__parameterized33 |         40 |         40 |       0 |    0 |     61 |      0 |      0 |          0 |
|         cordic_stages[13].stage_inst |     cordic_pipeline_stage__parameterized34 |         38 |         38 |       0 |    0 |     60 |      0 |      0 |          0 |
|         cordic_stages[14].stage_inst |     cordic_pipeline_stage__parameterized35 |         38 |         38 |       0 |    0 |     60 |      0 |      0 |          0 |
|         cordic_stages[15].stage_inst |     cordic_pipeline_stage__parameterized36 |         39 |         38 |       0 |    1 |     60 |      0 |      0 |          0 |
|         cordic_stages[16].stage_inst |     cordic_pipeline_stage__parameterized37 |         38 |         38 |       0 |    0 |     61 |      0 |      0 |          0 |
|         cordic_stages[17].stage_inst |     cordic_pipeline_stage__parameterized38 |         18 |         18 |       0 |    0 |     21 |      0 |      0 |          0 |
|         cordic_stages[18].stage_inst |  cordic_pipeline_stage__parameterized38_18 |          0 |          0 |       0 |    0 |     19 |      0 |      0 |          0 |
|         cordic_stages[1].stage_inst  |     cordic_pipeline_stage__parameterized22 |         41 |         41 |       0 |    0 |     60 |      0 |      0 |          0 |
|         cordic_stages[2].stage_inst  |     cordic_pipeline_stage__parameterized23 |         44 |         43 |       0 |    1 |     60 |      0 |      0 |          0 |
|         cordic_stages[3].stage_inst  |     cordic_pipeline_stage__parameterized24 |         46 |         46 |       0 |    0 |     61 |      0 |      0 |          0 |
|         cordic_stages[4].stage_inst  |     cordic_pipeline_stage__parameterized25 |         46 |         46 |       0 |    0 |     61 |      0 |      0 |          0 |
|         cordic_stages[5].stage_inst  |     cordic_pipeline_stage__parameterized26 |         44 |         44 |       0 |    0 |     61 |      0 |      0 |          0 |
|         cordic_stages[6].stage_inst  |     cordic_pipeline_stage__parameterized27 |         45 |         45 |       0 |    0 |     61 |      0 |      0 |          0 |
|         cordic_stages[7].stage_inst  |     cordic_pipeline_stage__parameterized28 |         44 |         44 |       0 |    0 |     61 |      0 |      0 |          0 |
|         cordic_stages[8].stage_inst  |     cordic_pipeline_stage__parameterized29 |         43 |         43 |       0 |    0 |     61 |      0 |      0 |          0 |
|         cordic_stages[9].stage_inst  |     cordic_pipeline_stage__parameterized30 |         42 |         42 |       0 |    0 |     61 |      0 |      0 |          0 |
|         gain_sat_inst                |          gain_and_saturate__parameterized0 |          1 |          1 |       0 |    0 |     46 |      0 |      0 |          2 |
|         pre_stage                    |                       cordic_pre_rotate_16 |         42 |         42 |       0 |    0 |     37 |      0 |      0 |          0 |
|       up_x                           |                            upsamplerFilter |       1440 |       1440 |       0 |    0 |   2686 |      0 |      1 |          2 |
|         (up_x)                       |                            upsamplerFilter |        708 |        708 |       0 |    0 |      0 |      0 |      0 |          0 |
|         comp_inst                    |                         cic_comp_up_mac_15 |        261 |        261 |       0 |    0 |    626 |      0 |      0 |          1 |
|         hb_inst                      |                               hb_up_mac_16 |        420 |        420 |       0 |    0 |   1158 |      0 |      1 |          1 |
|         u_cic_int                    |                                 cic_int_17 |         55 |         55 |       0 |    0 |    902 |      0 |      0 |          0 |
|       up_y                           |                         upsamplerFilter_14 |       1439 |       1439 |       0 |    0 |   2685 |      0 |      1 |          2 |
|         (up_y)                       |                         upsamplerFilter_14 |        708 |        708 |       0 |    0 |      0 |      0 |      0 |          0 |
|         comp_inst                    |                            cic_comp_up_mac |        261 |        261 |       0 |    0 |    626 |      0 |      0 |          1 |
|         hb_inst                      |                                  hb_up_mac |        418 |        418 |       0 |    0 |   1157 |      0 |      1 |          1 |
|         u_cic_int                    |                                    cic_int |         55 |         55 |       0 |    0 |    902 |      0 |      0 |          0 |
|     u_adc                            |                                        adc |          2 |          2 |       0 |    0 |      0 |      0 |      0 |          0 |
|     u_dac                            |                                        dac |          0 |          0 |       0 |    0 |      0 |      0 |      0 |          0 |
|   wbc2pipeline                       |                               wbc2pipeline |        105 |        105 |       0 |    0 |    258 |      0 |      0 |          0 |
|   wbxbar                             |                                     wbxbar |        516 |        516 |       0 |    0 |    971 |      0 |      0 |          0 |
|     (wbxbar)                         |                                     wbxbar |         21 |         21 |       0 |    0 |    341 |      0 |      0 |          0 |
|     DECODE_REQUEST[0].iskid          |                                 skidbuffer |        167 |        167 |       0 |    0 |    315 |      0 |      0 |          0 |
|     DECODE_REQUEST[1].iskid          |                               skidbuffer_0 |        328 |        328 |       0 |    0 |    315 |      0 |      0 |          0 |
|   zipdma_s2mm                        |                                zipdma_s2mm |       1371 |       1371 |       0 |    0 |    621 |      0 |      0 |          0 |
+--------------------------------------+--------------------------------------------+------------+------------+---------+------+--------+--------+--------+------------+
* Note: The sum of lower-level cells may be larger than their parent cells total, due to cross-hierarchy LUT combining


