Copyright 1986-2022 Xilinx, Inc. All Rights Reserved. Copyright 2022-2024 Advanced Micro Devices, Inc. All Rights Reserved.
---------------------------------------------------------------------------------------------------------------------------------------------
| Tool Version : Vivado v.2024.2 (lin64) Build 5239630 Fri Nov 08 22:34:34 MST 2024
| Date         : Wed Apr 15 18:41:48 2026
| Host         : archlinux running 64-bit Arch Linux
| Command      : report_timing_summary -file alinx_ax7203_timing_synth.rpt
| Design       : alinx_ax7203
| Device       : 7a200t-fbg484
| Speed File   : -2  PRODUCTION 1.23 2018-06-13
| Design State : Synthesized
---------------------------------------------------------------------------------------------------------------------------------------------

Timing Summary Report

------------------------------------------------------------------------------------------------
| Timer Settings
| --------------
------------------------------------------------------------------------------------------------

  Enable Multi Corner Analysis               :  Yes
  Enable Pessimism Removal                   :  Yes
  Pessimism Removal Resolution               :  Nearest Common Node
  Enable Input Delay Default Clock           :  No
  Enable Preset / Clear Arcs                 :  No
  Disable Flight Delays                      :  No
  Ignore I/O Paths                           :  No
  Timing Early Launch at Borrowing Latches   :  No
  Borrow Time for Max Delay Exceptions       :  Yes
  Merge Timing Exceptions                    :  Yes
  Inter-SLR Compensation                     :  Conservative

  Corner  Analyze    Analyze    
  Name    Max Paths  Min Paths  
  ------  ---------  ---------  
  Slow    Yes        Yes        
  Fast    Yes        Yes        


------------------------------------------------------------------------------------------------
| Report Methodology
| ------------------
------------------------------------------------------------------------------------------------

No report available as report_methodology has not been run prior. Run report_methodology on the current design for the summary of methodology violations.



check_timing report

Table of Contents
-----------------
1. checking no_clock (0)
2. checking constant_clock (0)
3. checking pulse_width_clock (0)
4. checking unconstrained_internal_endpoints (0)
5. checking no_input_delay (67)
6. checking no_output_delay (112)
7. checking multiple_clock (0)
8. checking generated_clocks (0)
9. checking loops (0)
10. checking partial_input_delay (0)
11. checking partial_output_delay (0)
12. checking latch_loops (0)

1. checking no_clock (0)
------------------------
 There are 0 register/latch pins with no clock.


2. checking constant_clock (0)
------------------------------
 There are 0 register/latch pins with constant_clock.


3. checking pulse_width_clock (0)
---------------------------------
 There are 0 register/latch pins which need pulse_width check


4. checking unconstrained_internal_endpoints (0)
------------------------------------------------
 There are 0 pins that are not constrained for maximum delay.

 There are 0 pins that are not constrained for maximum delay due to constant clock.


5. checking no_input_delay (67)
-------------------------------
 There are 67 input ports with no input delay specified. (HIGH)

 There are 0 input ports with no input delay but user has a false path constraint.


6. checking no_output_delay (112)
---------------------------------
 There are 112 ports with no output delay specified. (HIGH)

 There are 0 ports with no output delay but user has a false path constraint

 There are 0 ports with no output delay but with a timing clock defined on it or propagating through it


7. checking multiple_clock (0)
------------------------------
 There are 0 register/latch pins with multiple clocks.


8. checking generated_clocks (0)
--------------------------------
 There are 0 generated clocks that are not connected to a clock source.


9. checking loops (0)
---------------------
 There are 0 combinational loops in the design.


10. checking partial_input_delay (0)
------------------------------------
 There are 0 input ports with partial input delay specified.


11. checking partial_output_delay (0)
-------------------------------------
 There are 0 ports with partial output delay specified.


12. checking latch_loops (0)
----------------------------
 There are 0 combinational latch loops in the design through latch input



------------------------------------------------------------------------------------------------
| Design Timing Summary
| ---------------------
------------------------------------------------------------------------------------------------

    WNS(ns)      TNS(ns)  TNS Failing Endpoints  TNS Total Endpoints      WHS(ns)      THS(ns)  THS Failing Endpoints  THS Total Endpoints     WPWS(ns)     TPWS(ns)  TPWS Failing Endpoints  TPWS Total Endpoints  
    -------      -------  ---------------------  -------------------      -------      -------  ---------------------  -------------------     --------     --------  ----------------------  --------------------  
      0.096        0.000                      0               203514       -0.189      -12.276                     65               203514        0.264        0.000                       0                106108  


Timing constraints are not met.


------------------------------------------------------------------------------------------------
| Clock Summary
| -------------
------------------------------------------------------------------------------------------------

Clock              Waveform(ns)         Period(ns)      Frequency(MHz)
-----              ------------         ----------      --------------
clk200_p           {0.000 2.500}        5.000           200.000         
  s7mmcm0_clkout0  {0.000 5.000}        10.000          100.000         
  s7mmcm0_clkout1  {0.000 1.250}        2.500           400.000         
  s7mmcm0_clkout2  {0.625 1.875}        2.500           400.000         
  s7mmcm0_mmcm_fb  {0.000 2.500}        5.000           200.000         
  s7mmcm1_clkout   {0.000 7.692}        15.385          65.000          
  s7mmcm1_mmcm_fb  {0.000 5.000}        10.000          100.000         
eth_rx_clk         {0.000 4.000}        8.000           125.000         
  ethphy_clkout0   {0.000 4.000}        8.000           125.000         
  ethphy_clkout1   {2.000 6.000}        8.000           125.000         
  pll_fb           {0.000 4.000}        8.000           125.000         
eth_tx_clk         {0.000 4.000}        8.000           125.000         


------------------------------------------------------------------------------------------------
| Intra Clock Table
| -----------------
------------------------------------------------------------------------------------------------

Clock                  WNS(ns)      TNS(ns)  TNS Failing Endpoints  TNS Total Endpoints      WHS(ns)      THS(ns)  THS Failing Endpoints  THS Total Endpoints     WPWS(ns)     TPWS(ns)  TPWS Failing Endpoints  TPWS Total Endpoints  
-----                  -------      -------  ---------------------  -------------------      -------      -------  ---------------------  -------------------     --------     --------  ----------------------  --------------------  
clk200_p                 3.023        0.000                      0                   23        0.127        0.000                      0                   23        0.264        0.000                       0                    27  
  s7mmcm0_clkout0        0.096        0.000                      0                27231       -0.189      -12.276                     65                27231        3.870        0.000                       0                  9286  
  s7mmcm0_clkout1                                                                                                                                                    0.908        0.000                       0                   103  
  s7mmcm0_clkout2                                                                                                                                                    0.908        0.000                       0                    38  
  s7mmcm0_mmcm_fb                                                                                                                                                    3.751        0.000                       0                     2  
  s7mmcm1_clkout         7.435        0.000                      0               175605        0.040        0.000                      0               175605        6.562        0.000                       0                 96385  
  s7mmcm1_mmcm_fb                                                                                                                                                    8.751        0.000                       0                     2  
eth_rx_clk               1.232        0.000                      0                  318        0.029        0.000                      0                  318        2.000        0.000                       0                   117  
  ethphy_clkout0                                                                                                                                                     6.408        0.000                       0                     2  
  ethphy_clkout1                                                                                                                                                     6.408        0.000                       0                     3  
  pll_fb                                                                                                                                                             6.751        0.000                       0                     2  
eth_tx_clk               1.209        0.000                      0                  337        0.037        0.000                      0                  337        3.500        0.000                       0                   141  


------------------------------------------------------------------------------------------------
| Inter Clock Table
| -----------------
------------------------------------------------------------------------------------------------

From Clock    To Clock          WNS(ns)      TNS(ns)  TNS Failing Endpoints  TNS Total Endpoints      WHS(ns)      THS(ns)  THS Failing Endpoints  THS Total Endpoints  
----------    --------          -------      -------  ---------------------  -------------------      -------      -------  ---------------------  -------------------  


------------------------------------------------------------------------------------------------
| Other Path Groups Table
| -----------------------
------------------------------------------------------------------------------------------------

Path Group    From Clock    To Clock          WNS(ns)      TNS(ns)  TNS Failing Endpoints  TNS Total Endpoints      WHS(ns)      THS(ns)  THS Failing Endpoints  THS Total Endpoints  
----------    ----------    --------          -------      -------  ---------------------  -------------------      -------      -------  ---------------------  -------------------  


------------------------------------------------------------------------------------------------
| Timing Details
| --------------
------------------------------------------------------------------------------------------------


---------------------------------------------------------------------------------------------------
From Clock:  clk200_p
  To Clock:  clk200_p

Setup :            0  Failing Endpoints,  Worst Slack        3.023ns,  Total Violation        0.000ns
Hold  :            0  Failing Endpoints,  Worst Slack        0.127ns,  Total Violation        0.000ns
PW    :            0  Failing Endpoints,  Worst Slack        0.264ns,  Total Violation        0.000ns
---------------------------------------------------------------------------------------------------


Max Delay Paths
--------------------------------------------------------------------------------------
Slack (MET) :             3.023ns  (required time - arrival time)
  Source:                 reset_counter_reg[0]/C
                            (rising edge-triggered cell FDRE clocked by clk200_p  {rise@0.000ns fall@2.500ns period=5.000ns})
  Destination:            reset_counter_reg[0]/CE
                            (rising edge-triggered cell FDRE clocked by clk200_p  {rise@0.000ns fall@2.500ns period=5.000ns})
  Path Group:             clk200_p
  Path Type:              Setup (Max at Slow Process Corner)
  Requirement:            5.000ns  (clk200_p rise@5.000ns - clk200_p rise@0.000ns)
  Data Path Delay:        1.632ns  (logic 0.611ns (37.439%)  route 1.021ns (62.561%))
  Logic Levels:           1  (LUT4=1)
  Clock Path Skew:        -0.145ns (DCD - SCD + CPR)
    Destination Clock Delay (DCD):    1.934ns = ( 6.934 - 5.000 ) 
    Source Clock Delay      (SCD):    2.153ns
    Clock Pessimism Removal (CPR):    0.074ns
  Clock Uncertainty:      0.035ns  ((TSJ^2 + TIJ^2)^1/2 + DJ) / 2 + PE
    Total System Jitter     (TSJ):    0.071ns
    Total Input Jitter      (TIJ):    0.000ns
    Discrete Jitter          (DJ):    0.000ns
    Phase Error              (PE):    0.000ns

    Location             Delay type                Incr(ns)  Path(ns)    Netlist Resource(s)
  -------------------------------------------------------------------    -------------------
                         (clock clk200_p rise edge)
                                                      0.000     0.000 r  
    R4                                                0.000     0.000 r  clk200_p (IN)
                         net (fo=0)                   0.000     0.000    clk200_p
    R4                   IBUFDS (Prop_ibufds_I_O)     0.842     0.842 r  IBUFDS/O
                         net (fo=2, unplaced)         0.646     1.487    clk200_se
                         BUFG (Prop_bufg_I_O)         0.082     1.569 r  BUFG_4/O
                         net (fo=7, unplaced)         0.584     2.153    clk200_bufg
                         FDRE                                         r  reset_counter_reg[0]/C
  -------------------------------------------------------------------    -------------------
                         FDRE (Prop_fdre_C_Q)         0.379     2.532 r  reset_counter_reg[0]/Q
                         net (fo=6, unplaced)         0.631     3.163    reset_counter_reg[0]
                         LUT4 (Prop_lut4_I1_O)        0.232     3.395 r  reset_counter[3]_i_1/O
                         net (fo=4, unplaced)         0.390     3.785    reset_counter[3]_i_1_n_0
                         FDRE                                         r  reset_counter_reg[0]/CE
  -------------------------------------------------------------------    -------------------

                         (clock clk200_p rise edge)
                                                      5.000     5.000 r  
    R4                                                0.000     5.000 r  clk200_p (IN)
                         net (fo=0)                   0.000     5.000    clk200_p
    R4                   IBUFDS (Prop_ibufds_I_O)     0.804     5.804 r  IBUFDS/O
                         net (fo=2, unplaced)         0.613     6.417    clk200_se
                         BUFG (Prop_bufg_I_O)         0.078     6.495 r  BUFG_4/O
                         net (fo=7, unplaced)         0.439     6.934    clk200_bufg
                         FDRE                                         r  reset_counter_reg[0]/C
                         clock pessimism              0.074     7.008    
                         clock uncertainty           -0.035     6.973    
                         FDRE (Setup_fdre_C_CE)      -0.165     6.808    reset_counter_reg[0]
  -------------------------------------------------------------------
                         required time                          6.808    
                         arrival time                          -3.785    
  -------------------------------------------------------------------
                         slack                                  3.023    





Min Delay Paths
--------------------------------------------------------------------------------------
Slack (MET) :             0.127ns  (arrival time - required time)
  Source:                 ic_reset_reg/C
                            (rising edge-triggered cell FDRE clocked by clk200_p  {rise@0.000ns fall@2.500ns period=5.000ns})
  Destination:            ic_reset_reg/D
                            (rising edge-triggered cell FDRE clocked by clk200_p  {rise@0.000ns fall@2.500ns period=5.000ns})
  Path Group:             clk200_p
  Path Type:              Hold (Min at Fast Process Corner)
  Requirement:            0.000ns  (clk200_p rise@0.000ns - clk200_p rise@0.000ns)
  Data Path Delay:        0.363ns  (logic 0.239ns (65.755%)  route 0.124ns (34.245%))
  Logic Levels:           1  (LUT5=1)
  Clock Path Skew:        0.145ns (DCD - SCD - CPR)
    Destination Clock Delay (DCD):    1.017ns
    Source Clock Delay      (SCD):    0.821ns
    Clock Pessimism Removal (CPR):    0.051ns

    Location             Delay type                Incr(ns)  Path(ns)    Netlist Resource(s)
  -------------------------------------------------------------------    -------------------
                         (clock clk200_p rise edge)
                                                      0.000     0.000 r  
    R4                                                0.000     0.000 r  clk200_p (IN)
                         net (fo=0)                   0.000     0.000    clk200_p
    R4                   IBUFDS (Prop_ibufds_I_O)     0.360     0.360 r  IBUFDS/O
                         net (fo=2, unplaced)         0.320     0.680    clk200_se
                         BUFG (Prop_bufg_I_O)         0.027     0.707 r  BUFG_4/O
                         net (fo=7, unplaced)         0.114     0.821    clk200_bufg
                         FDRE                                         r  ic_reset_reg/C
  -------------------------------------------------------------------    -------------------
                         FDRE (Prop_fdre_C_Q)         0.141     0.962 r  ic_reset_reg/Q
                         net (fo=2, unplaced)         0.124     1.086    ic_reset
                         LUT5 (Prop_lut5_I4_O)        0.098     1.184 r  ic_reset_i_1/O
                         net (fo=1, unplaced)         0.000     1.184    ic_reset_i_1_n_0
                         FDRE                                         r  ic_reset_reg/D
  -------------------------------------------------------------------    -------------------

                         (clock clk200_p rise edge)
                                                      0.000     0.000 r  
    R4                                                0.000     0.000 r  clk200_p (IN)
                         net (fo=0)                   0.000     0.000    clk200_p
    R4                   IBUFDS (Prop_ibufds_I_O)     0.391     0.391 r  IBUFDS/O
                         net (fo=2, unplaced)         0.337     0.728    clk200_se
                         BUFG (Prop_bufg_I_O)         0.030     0.758 r  BUFG_4/O
                         net (fo=7, unplaced)         0.259     1.017    clk200_bufg
                         FDRE                                         r  ic_reset_reg/C
                         clock pessimism             -0.051     0.966    
                         FDRE (Hold_fdre_C_D)         0.091     1.057    ic_reset_reg
  -------------------------------------------------------------------
                         required time                         -1.057    
                         arrival time                           1.184    
  -------------------------------------------------------------------
                         slack                                  0.127    





Pulse Width Checks
--------------------------------------------------------------------------------------
Clock Name:         clk200_p
Waveform(ns):       { 0.000 2.500 }
Period(ns):         5.000
Sources:            { clk200_p }

Check Type        Corner  Lib Pin            Reference Pin  Required(ns)  Actual(ns)  Slack(ns)  Location  Pin
Min Period        n/a     IDELAYCTRL/REFCLK  n/a            2.438         5.000       2.562                IDELAYCTRL/REFCLK
Max Period        n/a     IDELAYCTRL/REFCLK  n/a            5.264         5.000       0.264                IDELAYCTRL/REFCLK
Low Pulse Width   Slow    MMCME2_ADV/CLKIN1  n/a            1.400         2.500       1.100                MMCME2_ADV/CLKIN1
High Pulse Width  Slow    MMCME2_ADV/CLKIN1  n/a            1.400         2.500       1.100                MMCME2_ADV/CLKIN1



---------------------------------------------------------------------------------------------------
From Clock:  s7mmcm0_clkout0
  To Clock:  s7mmcm0_clkout0

Setup :            0  Failing Endpoints,  Worst Slack        0.096ns,  Total Violation        0.000ns
Hold  :           65  Failing Endpoints,  Worst Slack       -0.189ns,  Total Violation      -12.276ns
PW    :            0  Failing Endpoints,  Worst Slack        3.870ns,  Total Violation        0.000ns
---------------------------------------------------------------------------------------------------


Max Delay Paths
--------------------------------------------------------------------------------------
Slack (MET) :             0.096ns  (required time - arrival time)
  Source:                 ddr3_top/ddr3_controller_inst/bank_active_row_q_reg[7][3]/C
                            (rising edge-triggered cell FDRE clocked by s7mmcm0_clkout0  {rise@0.000ns fall@5.000ns period=10.000ns})
  Destination:            ddr3_top/ddr3_controller_inst/o_wb_stall_calib_reg/D
                            (rising edge-triggered cell FDRE clocked by s7mmcm0_clkout0  {rise@0.000ns fall@5.000ns period=10.000ns})
  Path Group:             s7mmcm0_clkout0
  Path Type:              Setup (Max at Slow Process Corner)
  Requirement:            10.000ns  (s7mmcm0_clkout0 rise@10.000ns - s7mmcm0_clkout0 rise@0.000ns)
  Data Path Delay:        9.724ns  (logic 4.200ns (43.192%)  route 5.524ns (56.808%))
  Logic Levels:           18  (CARRY4=4 LUT2=1 LUT5=1 LUT6=10 MUXF7=2)
  Clock Path Skew:        -0.145ns (DCD - SCD + CPR)
    Destination Clock Delay (DCD):    3.198ns = ( 13.198 - 10.000 ) 
    Source Clock Delay      (SCD):    3.603ns
    Clock Pessimism Removal (CPR):    0.259ns
  Clock Uncertainty:      0.064ns  ((TSJ^2 + DJ^2)^1/2) / 2 + PE
    Total System Jitter     (TSJ):    0.071ns
    Discrete Jitter          (DJ):    0.106ns
    Phase Error              (PE):    0.000ns

    Location             Delay type                Incr(ns)  Path(ns)    Netlist Resource(s)
  -------------------------------------------------------------------    -------------------
                         (clock s7mmcm0_clkout0 rise edge)
                                                      0.000     0.000 r  
    R4                                                0.000     0.000 r  clk200_p (IN)
                         net (fo=0)                   0.000     0.000    clk200_p
    R4                   IBUFDS (Prop_ibufds_I_O)     0.842     0.842 r  IBUFDS/O
                         net (fo=2, unplaced)         0.646     1.487    clk200_se
                         BUFG (Prop_bufg_I_O)         0.082     1.569 r  clk200_se_BUFG_inst/O
                         net (fo=10, unplaced)        0.584     2.153    s7mmcm0_clkin
                         MMCME2_ADV (Prop_mmcme2_adv_CLKIN1_CLKOUT0)
                                                      0.077     2.230 r  MMCME2_ADV/CLKOUT0
                         net (fo=1, unplaced)         0.646     2.876    s7mmcm0_clkout0
                         BUFG (Prop_bufg_I_O)         0.081     2.957 r  BUFG/O
                         net (fo=9284, unplaced)      0.646     3.603    ddr3_top/ddr3_controller_inst/i_controller_clk
                         FDRE                                         r  ddr3_top/ddr3_controller_inst/bank_active_row_q_reg[7][3]/C
  -------------------------------------------------------------------    -------------------
                         FDRE (Prop_fdre_C_Q)         0.379     3.982 r  ddr3_top/ddr3_controller_inst/bank_active_row_q_reg[7][3]/Q
                         net (fo=4, unplaced)         0.803     4.785    ddr3_top/ddr3_controller_inst/bank_active_row_q_reg[7][3]
                         LUT6 (Prop_lut6_I0_O)        0.232     5.017 r  ddr3_top/ddr3_controller_inst/o_phy_cmd[96]_INST_0_i_49/O
                         net (fo=1, unplaced)         0.000     5.017    ddr3_top/ddr3_controller_inst/o_phy_cmd[96]_INST_0_i_49_n_0
                         MUXF7 (Prop_muxf7_I1_O)      0.206     5.223 r  ddr3_top/ddr3_controller_inst/o_phy_cmd[96]_INST_0_i_24/O
                         net (fo=2, unplaced)         0.595     5.818    ddr3_top/ddr3_controller_inst/o_phy_cmd[96]_INST_0_i_24_n_0
                         LUT6 (Prop_lut6_I0_O)        0.242     6.060 r  ddr3_top/ddr3_controller_inst/o_phy_cmd[49]_INST_0_i_21/O
                         net (fo=1, unplaced)         0.000     6.060    ddr3_top/ddr3_controller_inst/o_phy_cmd[49]_INST_0_i_21_n_0
                         CARRY4 (Prop_carry4_S[1]_CO[3])
                                                      0.444     6.504 r  ddr3_top/ddr3_controller_inst/o_phy_cmd[49]_INST_0_i_17/CO[3]
                         net (fo=1, unplaced)         0.008     6.512    ddr3_top/ddr3_controller_inst/o_phy_cmd[49]_INST_0_i_17_n_0
                         CARRY4 (Prop_carry4_CI_CO[0])
                                                      0.238     6.750 r  ddr3_top/ddr3_controller_inst/o_phy_cmd[49]_INST_0_i_12/CO[0]
                         net (fo=2, unplaced)         0.373     7.123    ddr3_top/ddr3_controller_inst/o_phy_cmd[49]_INST_0_i_12_n_3
                         LUT2 (Prop_lut2_I0_O)        0.297     7.420 r  ddr3_top/ddr3_controller_inst/o_phy_cmd[49]_INST_0_i_5/O
                         net (fo=2, unplaced)         0.358     7.778    ddr3_top/ddr3_controller_inst/o_phy_cmd[49]_INST_0_i_5_n_0
                         LUT6 (Prop_lut6_I3_O)        0.105     7.883 r  ddr3_top/ddr3_controller_inst/o_phy_cmd[41]_INST_0_i_3/O
                         net (fo=10, unplaced)        0.390     8.273    ddr3_top/ddr3_controller_inst/o_phy_cmd[41]_INST_0_i_3_n_0
                         LUT6 (Prop_lut6_I0_O)        0.105     8.378 r  ddr3_top/ddr3_controller_inst/o_phy_cmd[41]_INST_0_i_1/O
                         net (fo=38, unplaced)        0.422     8.800    ddr3_top/ddr3_controller_inst/o_phy_cmd[41]_INST_0_i_1_n_0
                         LUT6 (Prop_lut6_I0_O)        0.105     8.905 r  ddr3_top/ddr3_controller_inst/bank_active_row_q[6][14]_i_3/O
                         net (fo=26, unplaced)        0.413     9.318    ddr3_top/ddr3_controller_inst/bank_active_row_q[6][14]_i_3_n_0
                         LUT5 (Prop_lut5_I1_O)        0.105     9.423 r  ddr3_top/ddr3_controller_inst/o_wb_stall_rep__2_i_177/O
                         net (fo=2, unplaced)         0.593    10.016    ddr3_top/ddr3_controller_inst/o_wb_stall_rep__2_i_177_n_0
                         LUT6 (Prop_lut6_I1_O)        0.105    10.121 r  ddr3_top/ddr3_controller_inst/o_wb_stall_rep__2_i_223/O
                         net (fo=1, unplaced)         0.000    10.121    ddr3_top/ddr3_controller_inst/o_wb_stall_rep__2_i_223_n_0
                         MUXF7 (Prop_muxf7_I1_O)      0.206    10.327 r  ddr3_top/ddr3_controller_inst/o_wb_stall_reg_rep__2_i_132/O
                         net (fo=1, unplaced)         0.584    10.911    ddr3_top/ddr3_controller_inst/o_wb_stall_reg_rep__2_i_132_n_0
                         LUT6 (Prop_lut6_I1_O)        0.242    11.153 r  ddr3_top/ddr3_controller_inst/o_wb_stall_rep__2_i_75/O
                         net (fo=1, unplaced)         0.000    11.153    ddr3_top/ddr3_controller_inst/o_wb_stall_rep__2_i_75_n_0
                         CARRY4 (Prop_carry4_S[1]_CO[3])
                                                      0.444    11.597 r  ddr3_top/ddr3_controller_inst/o_wb_stall_reg_rep__2_i_44/CO[3]
                         net (fo=1, unplaced)         0.008    11.605    ddr3_top/ddr3_controller_inst/o_wb_stall_reg_rep__2_i_44_n_0
                         CARRY4 (Prop_carry4_CI_CO[0])
                                                      0.238    11.843 r  ddr3_top/ddr3_controller_inst/o_wb_stall_reg_rep__2_i_24/CO[0]
                         net (fo=1, unplaced)         0.240    12.083    ddr3_top/ddr3_controller_inst/stage1_stall3
                         LUT6 (Prop_lut6_I1_O)        0.297    12.380 r  ddr3_top/ddr3_controller_inst/o_wb_stall_rep__2_i_10/O
                         net (fo=2, unplaced)         0.358    12.738    ddr3_top/ddr3_controller_inst/o_wb_stall_rep__2_i_10_n_0
                         LUT6 (Prop_lut6_I3_O)        0.105    12.843 f  ddr3_top/ddr3_controller_inst/o_wb_stall_rep__2_i_4/O
                         net (fo=6, unplaced)         0.379    13.222    ddr3_top/ddr3_controller_inst/o_wb_stall_rep__2_i_4_n_0
                         LUT6 (Prop_lut6_I1_O)        0.105    13.327 r  ddr3_top/ddr3_controller_inst/o_wb_stall_calib_i_1/O
                         net (fo=1, unplaced)         0.000    13.327    ddr3_top/ddr3_controller_inst/o_wb_stall_calib_i_1_n_0
                         FDRE                                         r  ddr3_top/ddr3_controller_inst/o_wb_stall_calib_reg/D
  -------------------------------------------------------------------    -------------------

                         (clock s7mmcm0_clkout0 rise edge)
                                                     10.000    10.000 r  
    R4                                                0.000    10.000 r  clk200_p (IN)
                         net (fo=0)                   0.000    10.000    clk200_p
    R4                   IBUFDS (Prop_ibufds_I_O)     0.804    10.804 r  IBUFDS/O
                         net (fo=2, unplaced)         0.613    11.417    clk200_se
                         BUFG (Prop_bufg_I_O)         0.078    11.495 r  clk200_se_BUFG_inst/O
                         net (fo=10, unplaced)        0.439    11.934    s7mmcm0_clkin
                         MMCME2_ADV (Prop_mmcme2_adv_CLKIN1_CLKOUT0)
                                                      0.073    12.007 r  MMCME2_ADV/CLKOUT0
                         net (fo=1, unplaced)         0.613    12.621    s7mmcm0_clkout0
                         BUFG (Prop_bufg_I_O)         0.077    12.698 r  BUFG/O
                         net (fo=9284, unplaced)      0.501    13.198    ddr3_top/ddr3_controller_inst/i_controller_clk
                         FDRE                                         r  ddr3_top/ddr3_controller_inst/o_wb_stall_calib_reg/C
                         clock pessimism              0.259    13.458    
                         clock uncertainty           -0.064    13.394    
                         FDRE (Setup_fdre_C_D)        0.029    13.423    ddr3_top/ddr3_controller_inst/o_wb_stall_calib_reg
  -------------------------------------------------------------------
                         required time                         13.423    
                         arrival time                         -13.327    
  -------------------------------------------------------------------
                         slack                                  0.096    





Min Delay Paths
--------------------------------------------------------------------------------------
Slack (VIOLATED) :        -0.189ns  (arrival time - required time)
  Source:                 ddr3_top/ddr3_phy_inst/sync_rst_reg/C
                            (rising edge-triggered cell FDSE clocked by s7mmcm0_clkout0  {rise@0.000ns fall@5.000ns period=10.000ns})
  Destination:            ddr3_top/ddr3_phy_inst/genblk1[0].OSERDESE2_cmd/RST
                            (rising edge-triggered cell OSERDESE2 clocked by s7mmcm0_clkout0  {rise@0.000ns fall@5.000ns period=10.000ns})
  Path Group:             s7mmcm0_clkout0
  Path Type:              Hold (Min at Fast Process Corner)
  Requirement:            0.000ns  (s7mmcm0_clkout0 rise@0.000ns - s7mmcm0_clkout0 rise@0.000ns)
  Data Path Delay:        0.461ns  (logic 0.141ns (30.576%)  route 0.320ns (69.424%))
  Logic Levels:           0  
  Clock Path Skew:        0.145ns (DCD - SCD - CPR)
    Destination Clock Delay (DCD):    1.773ns
    Source Clock Delay      (SCD):    1.409ns
    Clock Pessimism Removal (CPR):    0.219ns

    Location             Delay type                Incr(ns)  Path(ns)    Netlist Resource(s)
  -------------------------------------------------------------------    -------------------
                         (clock s7mmcm0_clkout0 rise edge)
                                                      0.000     0.000 r  
    R4                                                0.000     0.000 r  clk200_p (IN)
                         net (fo=0)                   0.000     0.000    clk200_p
    R4                   IBUFDS (Prop_ibufds_I_O)     0.360     0.360 r  IBUFDS/O
                         net (fo=2, unplaced)         0.320     0.680    clk200_se
                         BUFG (Prop_bufg_I_O)         0.027     0.707 r  clk200_se_BUFG_inst/O
                         net (fo=10, unplaced)        0.114     0.821    s7mmcm0_clkin
                         MMCME2_ADV (Prop_mmcme2_adv_CLKIN1_CLKOUT0)
                                                      0.050     0.871 r  MMCME2_ADV/CLKOUT0
                         net (fo=1, unplaced)         0.320     1.191    s7mmcm0_clkout0
                         BUFG (Prop_bufg_I_O)         0.026     1.217 r  BUFG/O
                         net (fo=9284, unplaced)      0.192     1.409    ddr3_top/ddr3_phy_inst/out
                         FDSE                                         r  ddr3_top/ddr3_phy_inst/sync_rst_reg/C
  -------------------------------------------------------------------    -------------------
                         FDSE (Prop_fdse_C_Q)         0.141     1.550 r  ddr3_top/ddr3_phy_inst/sync_rst_reg/Q
                         net (fo=102, unplaced)       0.320     1.870    ddr3_top/ddr3_phy_inst/sync_rst
    OLOGIC_X1Y127        OSERDESE2                                    r  ddr3_top/ddr3_phy_inst/genblk1[0].OSERDESE2_cmd/RST
  -------------------------------------------------------------------    -------------------

                         (clock s7mmcm0_clkout0 rise edge)
                                                      0.000     0.000 r  
    R4                                                0.000     0.000 r  clk200_p (IN)
                         net (fo=0)                   0.000     0.000    clk200_p
    R4                   IBUFDS (Prop_ibufds_I_O)     0.391     0.391 r  IBUFDS/O
                         net (fo=2, unplaced)         0.337     0.728    clk200_se
                         BUFG (Prop_bufg_I_O)         0.030     0.758 r  clk200_se_BUFG_inst/O
                         net (fo=10, unplaced)        0.259     1.017    s7mmcm0_clkin
                         MMCME2_ADV (Prop_mmcme2_adv_CLKIN1_CLKOUT0)
                                                      0.053     1.070 r  MMCME2_ADV/CLKOUT0
                         net (fo=1, unplaced)         0.337     1.407    s7mmcm0_clkout0
                         BUFG (Prop_bufg_I_O)         0.029     1.436 r  BUFG/O
                         net (fo=9284, unplaced)      0.337     1.773    ddr3_top/ddr3_phy_inst/out
    OLOGIC_X1Y127        OSERDESE2                                    r  ddr3_top/ddr3_phy_inst/genblk1[0].OSERDESE2_cmd/CLKDIV
                         clock pessimism             -0.219     1.554    
    OLOGIC_X1Y127        OSERDESE2 (Hold_oserdese2_CLKDIV_RST)
                                                      0.505     2.059    ddr3_top/ddr3_phy_inst/genblk1[0].OSERDESE2_cmd
  -------------------------------------------------------------------
                         required time                         -2.059    
                         arrival time                           1.870    
  -------------------------------------------------------------------
                         slack                                 -0.189    





Pulse Width Checks
--------------------------------------------------------------------------------------
Clock Name:         s7mmcm0_clkout0
Waveform(ns):       { 0.000 5.000 }
Period(ns):         10.000
Sources:            { MMCME2_ADV/CLKOUT0 }

Check Type        Corner  Lib Pin             Reference Pin  Required(ns)  Actual(ns)  Slack(ns)  Location  Pin
Min Period        n/a     RAMB18E1/CLKARDCLK  n/a            2.472         10.000      7.528                mem_1_reg/CLKARDCLK
Max Period        n/a     MMCME2_ADV/CLKOUT0  n/a            213.360       10.000      203.360              MMCME2_ADV/CLKOUT0
Low Pulse Width   Slow    RAMD32/CLK          n/a            1.130         5.000       3.870                storage_1_reg_0_15_0_5/RAMA/CLK
High Pulse Width  Slow    RAMD32/CLK          n/a            1.130         5.000       3.870                storage_1_reg_0_15_0_5/RAMA/CLK



---------------------------------------------------------------------------------------------------
From Clock:  s7mmcm0_clkout1
  To Clock:  s7mmcm0_clkout1

Setup :           NA  Failing Endpoints,  Worst Slack           NA  ,  Total Violation           NA
Hold  :           NA  Failing Endpoints,  Worst Slack           NA  ,  Total Violation           NA
PW    :            0  Failing Endpoints,  Worst Slack        0.908ns,  Total Violation        0.000ns
---------------------------------------------------------------------------------------------------


Pulse Width Checks
--------------------------------------------------------------------------------------
Clock Name:         s7mmcm0_clkout1
Waveform(ns):       { 0.000 1.250 }
Period(ns):         2.500
Sources:            { MMCME2_ADV/CLKOUT1 }

Check Type  Corner  Lib Pin             Reference Pin  Required(ns)  Actual(ns)  Slack(ns)  Location  Pin
Min Period  n/a     BUFG/I              n/a            1.592         2.500       0.908                BUFG_1/I
Max Period  n/a     MMCME2_ADV/CLKOUT1  n/a            213.360       2.500       210.860              MMCME2_ADV/CLKOUT1



---------------------------------------------------------------------------------------------------
From Clock:  s7mmcm0_clkout2
  To Clock:  s7mmcm0_clkout2

Setup :           NA  Failing Endpoints,  Worst Slack           NA  ,  Total Violation           NA
Hold  :           NA  Failing Endpoints,  Worst Slack           NA  ,  Total Violation           NA
PW    :            0  Failing Endpoints,  Worst Slack        0.908ns,  Total Violation        0.000ns
---------------------------------------------------------------------------------------------------


Pulse Width Checks
--------------------------------------------------------------------------------------
Clock Name:         s7mmcm0_clkout2
Waveform(ns):       { 0.625 1.875 }
Period(ns):         2.500
Sources:            { MMCME2_ADV/CLKOUT2 }

Check Type  Corner  Lib Pin             Reference Pin  Required(ns)  Actual(ns)  Slack(ns)  Location  Pin
Min Period  n/a     BUFG/I              n/a            1.592         2.500       0.908                BUFG_2/I
Max Period  n/a     MMCME2_ADV/CLKOUT2  n/a            213.360       2.500       210.860              MMCME2_ADV/CLKOUT2



---------------------------------------------------------------------------------------------------
From Clock:  s7mmcm0_mmcm_fb
  To Clock:  s7mmcm0_mmcm_fb

Setup :           NA  Failing Endpoints,  Worst Slack           NA  ,  Total Violation           NA
Hold  :           NA  Failing Endpoints,  Worst Slack           NA  ,  Total Violation           NA
PW    :            0  Failing Endpoints,  Worst Slack        3.751ns,  Total Violation        0.000ns
---------------------------------------------------------------------------------------------------


Pulse Width Checks
--------------------------------------------------------------------------------------
Clock Name:         s7mmcm0_mmcm_fb
Waveform(ns):       { 0.000 2.500 }
Period(ns):         5.000
Sources:            { MMCME2_ADV/CLKFBOUT }

Check Type  Corner  Lib Pin              Reference Pin  Required(ns)  Actual(ns)  Slack(ns)  Location  Pin
Min Period  n/a     MMCME2_ADV/CLKFBOUT  n/a            1.249         5.000       3.751                MMCME2_ADV/CLKFBOUT
Max Period  n/a     MMCME2_ADV/CLKFBIN   n/a            100.000       5.000       95.000               MMCME2_ADV/CLKFBIN



---------------------------------------------------------------------------------------------------
From Clock:  s7mmcm1_clkout
  To Clock:  s7mmcm1_clkout

Setup :            0  Failing Endpoints,  Worst Slack        7.435ns,  Total Violation        0.000ns
Hold  :            0  Failing Endpoints,  Worst Slack        0.040ns,  Total Violation        0.000ns
PW    :            0  Failing Endpoints,  Worst Slack        6.562ns,  Total Violation        0.000ns
---------------------------------------------------------------------------------------------------


Max Delay Paths
--------------------------------------------------------------------------------------
Slack (MET) :             7.435ns  (required time - arrival time)
  Source:                 uberclock/rx_1/down_x/hb_down_inst/filter_out_reg_reg[15]/C
                            (rising edge-triggered cell FDRE clocked by s7mmcm1_clkout  {rise@0.000ns fall@7.692ns period=15.385ns})
  Destination:            uberclock/dac1_data_reg_reg[13]/D
                            (rising edge-triggered cell FDRE clocked by s7mmcm1_clkout  {rise@0.000ns fall@7.692ns period=15.385ns})
  Path Group:             s7mmcm1_clkout
  Path Type:              Setup (Max at Slow Process Corner)
  Requirement:            15.385ns  (s7mmcm1_clkout rise@15.385ns - s7mmcm1_clkout rise@0.000ns)
  Data Path Delay:        7.765ns  (logic 5.752ns (74.075%)  route 2.013ns (25.925%))
  Logic Levels:           7  (DSP48E1=2 LUT1=1 LUT5=1 LUT6=1 MUXF7=1 MUXF8=1)
  Clock Path Skew:        -0.145ns (DCD - SCD + CPR)
    Destination Clock Delay (DCD):    3.721ns = ( 19.106 - 15.385 ) 
    Source Clock Delay      (SCD):    4.292ns
    Clock Pessimism Removal (CPR):    0.425ns
  Clock Uncertainty:      0.068ns  ((TSJ^2 + DJ^2)^1/2) / 2 + PE
    Total System Jitter     (TSJ):    0.071ns
    Discrete Jitter          (DJ):    0.117ns
    Phase Error              (PE):    0.000ns

    Location             Delay type                Incr(ns)  Path(ns)    Netlist Resource(s)
  -------------------------------------------------------------------    -------------------
                         (clock s7mmcm1_clkout rise edge)
                                                      0.000     0.000 r  
    R4                                                0.000     0.000 r  clk200_p (IN)
                         net (fo=0)                   0.000     0.000    clk200_p
    R4                   IBUFDS (Prop_ibufds_I_O)     0.842     0.842 r  IBUFDS/O
                         net (fo=2, unplaced)         0.646     1.487    clk200_se
                         BUFG (Prop_bufg_I_O)         0.082     1.569 r  clk200_se_BUFG_inst/O
                         net (fo=10, unplaced)        0.584     2.153    s7mmcm0_clkin
                         LUT1 (Prop_lut1_I0_O)        0.105     2.258 r  s7mmcm1_clkin_inst/O
                         net (fo=9, unplaced)         0.584     2.842    s7mmcm1_clkin
                         MMCME2_ADV (Prop_mmcme2_adv_CLKIN1_CLKOUT0)
                                                      0.077     2.919 r  MMCME2_ADV_1/CLKOUT0
                         net (fo=1, unplaced)         0.646     3.565    s7mmcm1_clkout
                         BUFG (Prop_bufg_I_O)         0.081     3.646 r  BUFG_3/O
                         net (fo=96439, unplaced)     0.646     4.292    uberclock/rx_1/down_x/hb_down_inst/out
                         FDRE                                         r  uberclock/rx_1/down_x/hb_down_inst/filter_out_reg_reg[15]/C
  -------------------------------------------------------------------    -------------------
                         FDRE (Prop_fdre_C_Q)         0.379     4.671 r  uberclock/rx_1/down_x/hb_down_inst/filter_out_reg_reg[15]/Q
                         net (fo=65, unplaced)        0.646     5.316    uberclock/add_uberclock_fullrate_ds_fifo_wrport_dat_w[15]
                         DSP48E1 (Prop_dsp48e1_B[17]_PCOUT[47])
                                                      3.381     8.697 r  uberclock/x_gained1/PCOUT[47]
                         net (fo=1, unplaced)         0.055     8.752    uberclock/x_gained1_n_106
                         DSP48E1 (Prop_dsp48e1_PCIN[47]_P[28])
                                                      1.271    10.023 f  uberclock/x_gained1__0/P[28]
                         net (fo=1, unplaced)         0.646    10.669    uberclock/cordic_cpu1/gain_sat_inst/P[11]
                         LUT6 (Prop_lut6_I5_O)        0.105    10.774 f  uberclock/cordic_cpu1/gain_sat_inst/mem[0][15]_i_2/O
                         net (fo=98, unplaced)        0.427    11.201    uberclock/cordic_cpu1/gain_sat_inst/add_uberclock_fullrate_upsampler_fifo_has_sample_uc_reg_10
                         LUT5 (Prop_lut5_I4_O)        0.105    11.306 f  uberclock/cordic_cpu1/gain_sat_inst/dac1_data_reg[13]_i_8/O
                         net (fo=1, unplaced)         0.000    11.306    uberclock/cordic_nco/gain_sat_inst/dac1_data_reg_reg[13]_i_2
                         MUXF7 (Prop_muxf7_I1_O)      0.178    11.484 f  uberclock/cordic_nco/gain_sat_inst/dac1_data_reg_reg[13]_i_4/O
                         net (fo=1, unplaced)         0.000    11.484    uberclock/tx_3/cordic_up/gain_sat_inst/dac1_data_reg_reg[13]
                         MUXF8 (Prop_muxf8_I1_O)      0.074    11.558 f  uberclock/tx_3/cordic_up/gain_sat_inst/dac1_data_reg_reg[13]_i_2/O
                         net (fo=1, unplaced)         0.240    11.798    uberclock/tx_3/cordic_up/gain_sat_inst/dac1_data_reg_reg[13]_i_2_n_0
                         LUT1 (Prop_lut1_I0_O)        0.259    12.057 r  uberclock/tx_3/cordic_up/gain_sat_inst/dac1_data_reg[13]_i_1/O
                         net (fo=1, unplaced)         0.000    12.057    uberclock/tx_3_n_34
                         FDRE                                         r  uberclock/dac1_data_reg_reg[13]/D
  -------------------------------------------------------------------    -------------------

                         (clock s7mmcm1_clkout rise edge)
                                                     15.385    15.385 r  
    R4                                                0.000    15.385 r  clk200_p (IN)
                         net (fo=0)                   0.000    15.385    clk200_p
    R4                   IBUFDS (Prop_ibufds_I_O)     0.804    16.189 r  IBUFDS/O
                         net (fo=2, unplaced)         0.613    16.802    clk200_se
                         BUFG (Prop_bufg_I_O)         0.078    16.880 r  clk200_se_BUFG_inst/O
                         net (fo=10, unplaced)        0.439    17.319    s7mmcm0_clkin
                         LUT1 (Prop_lut1_I0_O)        0.084    17.403 r  s7mmcm1_clkin_inst/O
                         net (fo=9, unplaced)         0.439    17.842    s7mmcm1_clkin
                         MMCME2_ADV (Prop_mmcme2_adv_CLKIN1_CLKOUT0)
                                                      0.073    17.915 r  MMCME2_ADV_1/CLKOUT0
                         net (fo=1, unplaced)         0.613    18.528    s7mmcm1_clkout
                         BUFG (Prop_bufg_I_O)         0.077    18.605 r  BUFG_3/O
                         net (fo=96439, unplaced)     0.501    19.106    uberclock/out
                         FDRE                                         r  uberclock/dac1_data_reg_reg[13]/C
                         clock pessimism              0.425    19.531    
                         clock uncertainty           -0.068    19.463    
                         FDRE (Setup_fdre_C_D)        0.029    19.492    uberclock/dac1_data_reg_reg[13]
  -------------------------------------------------------------------
                         required time                         19.492    
                         arrival time                         -12.057    
  -------------------------------------------------------------------
                         slack                                  7.435    





Min Delay Paths
--------------------------------------------------------------------------------------
Slack (MET) :             0.040ns  (arrival time - required time)
  Source:                 uberclock/rx_1/down_x/cic_inst/comb8_reg[43]/C
                            (rising edge-triggered cell FDRE clocked by s7mmcm1_clkout  {rise@0.000ns fall@7.692ns period=15.385ns})
  Destination:            uberclock/rx_1/down_x/cic_comp_down_inst/mem0_reg_0_31_0_5/RAMA/I
                            (rising edge-triggered cell RAMD32 clocked by s7mmcm1_clkout  {rise@0.000ns fall@7.692ns period=15.385ns})
  Path Group:             s7mmcm1_clkout
  Path Type:              Hold (Min at Fast Process Corner)
  Requirement:            0.000ns  (s7mmcm1_clkout rise@0.000ns - s7mmcm1_clkout rise@0.000ns)
  Data Path Delay:        0.279ns  (logic 0.147ns (52.611%)  route 0.132ns (47.389%))
  Logic Levels:           0  
  Clock Path Skew:        0.145ns (DCD - SCD - CPR)
    Destination Clock Delay (DCD):    2.088ns
    Source Clock Delay      (SCD):    1.568ns
    Clock Pessimism Removal (CPR):    0.375ns

    Location             Delay type                Incr(ns)  Path(ns)    Netlist Resource(s)
  -------------------------------------------------------------------    -------------------
                         (clock s7mmcm1_clkout rise edge)
                                                      0.000     0.000 r  
    R4                                                0.000     0.000 r  clk200_p (IN)
                         net (fo=0)                   0.000     0.000    clk200_p
    R4                   IBUFDS (Prop_ibufds_I_O)     0.360     0.360 r  IBUFDS/O
                         net (fo=2, unplaced)         0.320     0.680    clk200_se
                         BUFG (Prop_bufg_I_O)         0.027     0.707 r  clk200_se_BUFG_inst/O
                         net (fo=10, unplaced)        0.114     0.821    s7mmcm0_clkin
                         LUT1 (Prop_lut1_I0_O)        0.045     0.866 r  s7mmcm1_clkin_inst/O
                         net (fo=9, unplaced)         0.114     0.980    s7mmcm1_clkin
                         MMCME2_ADV (Prop_mmcme2_adv_CLKIN1_CLKOUT0)
                                                      0.050     1.030 r  MMCME2_ADV_1/CLKOUT0
                         net (fo=1, unplaced)         0.320     1.350    s7mmcm1_clkout
                         BUFG (Prop_bufg_I_O)         0.026     1.376 r  BUFG_3/O
                         net (fo=96439, unplaced)     0.192     1.568    uberclock/rx_1/down_x/cic_inst/out
                         FDRE                                         r  uberclock/rx_1/down_x/cic_inst/comb8_reg[43]/C
  -------------------------------------------------------------------    -------------------
                         FDRE (Prop_fdre_C_Q)         0.147     1.715 r  uberclock/rx_1/down_x/cic_inst/comb8_reg[43]/Q
                         net (fo=2, unplaced)         0.132     1.847    uberclock/rx_1/down_x/cic_comp_down_inst/mem0_reg_0_31_0_5/DIA0
                         RAMD32                                       r  uberclock/rx_1/down_x/cic_comp_down_inst/mem0_reg_0_31_0_5/RAMA/I
  -------------------------------------------------------------------    -------------------

                         (clock s7mmcm1_clkout rise edge)
                                                      0.000     0.000 r  
    R4                                                0.000     0.000 r  clk200_p (IN)
                         net (fo=0)                   0.000     0.000    clk200_p
    R4                   IBUFDS (Prop_ibufds_I_O)     0.391     0.391 r  IBUFDS/O
                         net (fo=2, unplaced)         0.337     0.728    clk200_se
                         BUFG (Prop_bufg_I_O)         0.030     0.758 r  clk200_se_BUFG_inst/O
                         net (fo=10, unplaced)        0.259     1.017    s7mmcm0_clkin
                         LUT1 (Prop_lut1_I0_O)        0.056     1.073 r  s7mmcm1_clkin_inst/O
                         net (fo=9, unplaced)         0.259     1.332    s7mmcm1_clkin
                         MMCME2_ADV (Prop_mmcme2_adv_CLKIN1_CLKOUT0)
                                                      0.053     1.385 r  MMCME2_ADV_1/CLKOUT0
                         net (fo=1, unplaced)         0.337     1.722    s7mmcm1_clkout
                         BUFG (Prop_bufg_I_O)         0.029     1.751 r  BUFG_3/O
                         net (fo=96439, unplaced)     0.337     2.088    uberclock/rx_1/down_x/cic_comp_down_inst/mem0_reg_0_31_0_5/WCLK
                         RAMD32                                       r  uberclock/rx_1/down_x/cic_comp_down_inst/mem0_reg_0_31_0_5/RAMA/CLK
                         clock pessimism             -0.375     1.713    
                         RAMD32 (Hold_ramd32_CLK_I)
                                                      0.094     1.807    uberclock/rx_1/down_x/cic_comp_down_inst/mem0_reg_0_31_0_5/RAMA
  -------------------------------------------------------------------
                         required time                         -1.807    
                         arrival time                           1.847    
  -------------------------------------------------------------------
                         slack                                  0.040    





Pulse Width Checks
--------------------------------------------------------------------------------------
Clock Name:         s7mmcm1_clkout
Waveform(ns):       { 0.000 7.692 }
Period(ns):         15.385
Sources:            { MMCME2_ADV_1/CLKOUT0 }

Check Type        Corner  Lib Pin             Reference Pin  Required(ns)  Actual(ns)  Slack(ns)  Location  Pin
Min Period        n/a     DSP48E1/CLK         n/a            3.272         15.385      12.113               uberclock/tx_1/cordic_up/gain_sat_inst/gain_y_full_reg_reg/CLK
Max Period        n/a     MMCME2_ADV/CLKOUT0  n/a            213.360       15.385      197.975              MMCME2_ADV_1/CLKOUT0
Low Pulse Width   Slow    RAMD32/CLK          n/a            1.130         7.692       6.562                uberclock/rx_1/down_x/cic_comp_down_inst/mem0_reg_0_31_0_5/RAMA/CLK
High Pulse Width  Slow    RAMD32/CLK          n/a            1.130         7.692       6.562                uberclock/rx_1/down_x/cic_comp_down_inst/mem0_reg_0_31_0_5/RAMA/CLK



---------------------------------------------------------------------------------------------------
From Clock:  s7mmcm1_mmcm_fb
  To Clock:  s7mmcm1_mmcm_fb

Setup :           NA  Failing Endpoints,  Worst Slack           NA  ,  Total Violation           NA
Hold  :           NA  Failing Endpoints,  Worst Slack           NA  ,  Total Violation           NA
PW    :            0  Failing Endpoints,  Worst Slack        8.751ns,  Total Violation        0.000ns
---------------------------------------------------------------------------------------------------


Pulse Width Checks
--------------------------------------------------------------------------------------
Clock Name:         s7mmcm1_mmcm_fb
Waveform(ns):       { 0.000 5.000 }
Period(ns):         10.000
Sources:            { MMCME2_ADV_1/CLKFBOUT }

Check Type  Corner  Lib Pin              Reference Pin  Required(ns)  Actual(ns)  Slack(ns)  Location  Pin
Min Period  n/a     MMCME2_ADV/CLKFBOUT  n/a            1.249         10.000      8.751                MMCME2_ADV_1/CLKFBOUT
Max Period  n/a     MMCME2_ADV/CLKFBIN   n/a            100.000       10.000      90.000               MMCME2_ADV_1/CLKFBIN



---------------------------------------------------------------------------------------------------
From Clock:  eth_rx_clk
  To Clock:  eth_rx_clk

Setup :            0  Failing Endpoints,  Worst Slack        1.232ns,  Total Violation        0.000ns
Hold  :            0  Failing Endpoints,  Worst Slack        0.029ns,  Total Violation        0.000ns
PW    :            0  Failing Endpoints,  Worst Slack        2.000ns,  Total Violation        0.000ns
---------------------------------------------------------------------------------------------------


Max Delay Paths
--------------------------------------------------------------------------------------
Slack (MET) :             1.232ns  (required time - arrival time)
  Source:                 FDPE_10/C
                            (rising edge-triggered cell FDPE clocked by eth_rx_clk  {rise@0.000ns fall@4.000ns period=8.000ns})
  Destination:            FDPE_11/D
                            (rising edge-triggered cell FDPE clocked by eth_rx_clk  {rise@0.000ns fall@4.000ns period=8.000ns})
  Path Group:             eth_rx_clk
  Path Type:              Setup (Max at Slow Process Corner)
  Requirement:            2.000ns  (MaxDelay Path 2.000ns)
  Data Path Delay:        0.544ns  (logic 0.397ns (72.978%)  route 0.147ns (27.022%))
  Logic Levels:           0  
  Clock Path Skew:        -0.145ns (DCD - SCD + CPR)
    Destination Clock Delay (DCD):    0.501ns
    Source Clock Delay      (SCD):    0.646ns
    Clock Pessimism Removal (CPR):    0.000ns
  Clock Uncertainty:      0.035ns  ((TSJ^2 + TIJ^2)^1/2 + DJ) / 2 + PE
    Total System Jitter     (TSJ):    0.071ns
    Total Input Jitter      (TIJ):    0.000ns
    Discrete Jitter          (DJ):    0.000ns
    Phase Error              (PE):    0.000ns
  Timing Exception:       MaxDelay Path 2.000ns

    Location             Delay type                Incr(ns)  Path(ns)    Netlist Resource(s)
  -------------------------------------------------------------------    -------------------
                         (clock eth_rx_clk rise edge)
                                                      0.000     0.000 r  
                         BUFG                         0.000     0.000 r  BUFG_5/O
                         net (fo=117, unplaced)       0.646     0.646    eth_rx_clk
                         FDPE                                         r  FDPE_10/C
  -------------------------------------------------------------------    -------------------
                         FDPE (Prop_fdpe_C_Q)         0.397     1.043 r  FDPE_10/Q
                         net (fo=1, unplaced)         0.147     1.190    xilinxasyncresetsynchronizerimpl5_rst_meta
                         FDPE                                         r  FDPE_11/D
  -------------------------------------------------------------------    -------------------

                         max delay                    2.000     2.000    
                         BUFG                         0.000     2.000 r  BUFG_5/O
                         net (fo=117, unplaced)       0.501     2.501    eth_rx_clk
                         FDPE                                         r  FDPE_11/C
                         clock pessimism              0.000     2.501    
                         clock uncertainty           -0.035     2.465    
                         FDPE (Setup_fdpe_C_D)       -0.044     2.421    FDPE_11
  -------------------------------------------------------------------
                         required time                          2.421    
                         arrival time                          -1.190    
  -------------------------------------------------------------------
                         slack                                  1.232    





Min Delay Paths
--------------------------------------------------------------------------------------
Slack (MET) :             0.029ns  (arrival time - required time)
  Source:                 basesoc_core_bufferizeendpoints_pipe_valid_source_payload_data_reg[0]/C
                            (rising edge-triggered cell FDRE clocked by eth_rx_clk  {rise@0.000ns fall@4.000ns period=8.000ns})
  Destination:            storage_5_reg_0_7_0_5/RAMA/I
                            (rising edge-triggered cell RAMD32 clocked by eth_rx_clk  {rise@0.000ns fall@4.000ns period=8.000ns})
  Path Group:             eth_rx_clk
  Path Type:              Hold (Min at Fast Process Corner)
  Requirement:            0.000ns  (eth_rx_clk rise@0.000ns - eth_rx_clk rise@0.000ns)
  Data Path Delay:        0.268ns  (logic 0.141ns (52.621%)  route 0.127ns (47.379%))
  Logic Levels:           0  
  Clock Path Skew:        0.145ns (DCD - SCD - CPR)
    Destination Clock Delay (DCD):    0.337ns
    Source Clock Delay      (SCD):    0.192ns
    Clock Pessimism Removal (CPR):    -0.000ns

    Location             Delay type                Incr(ns)  Path(ns)    Netlist Resource(s)
  -------------------------------------------------------------------    -------------------
                         (clock eth_rx_clk rise edge)
                                                      0.000     0.000 r  
                         BUFG                         0.000     0.000 r  BUFG_5/O
                         net (fo=117, unplaced)       0.192     0.192    eth_rx_clk
                         FDRE                                         r  basesoc_core_bufferizeendpoints_pipe_valid_source_payload_data_reg[0]/C
  -------------------------------------------------------------------    -------------------
                         FDRE (Prop_fdre_C_Q)         0.141     0.333 r  basesoc_core_bufferizeendpoints_pipe_valid_source_payload_data_reg[0]/Q
                         net (fo=1, unplaced)         0.127     0.460    storage_5_reg_0_7_0_5/DIA0
                         RAMD32                                       r  storage_5_reg_0_7_0_5/RAMA/I
  -------------------------------------------------------------------    -------------------

                         (clock eth_rx_clk rise edge)
                                                      0.000     0.000 r  
                         BUFG                         0.000     0.000 r  BUFG_5/O
                         net (fo=117, unplaced)       0.337     0.337    storage_5_reg_0_7_0_5/WCLK
                         RAMD32                                       r  storage_5_reg_0_7_0_5/RAMA/CLK
                         clock pessimism              0.000     0.337    
                         RAMD32 (Hold_ramd32_CLK_I)
                                                      0.094     0.431    storage_5_reg_0_7_0_5/RAMA
  -------------------------------------------------------------------
                         required time                         -0.431    
                         arrival time                           0.460    
  -------------------------------------------------------------------
                         slack                                  0.029    





Pulse Width Checks
--------------------------------------------------------------------------------------
Clock Name:         eth_rx_clk
Waveform(ns):       { 0.000 4.000 }
Period(ns):         8.000
Sources:            { BUFG_5/O }

Check Type        Corner  Lib Pin             Reference Pin  Required(ns)  Actual(ns)  Slack(ns)  Location  Pin
Min Period        n/a     RAMB36E1/CLKBWRCLK  n/a            2.170         8.000       5.830                storage_6_reg/CLKBWRCLK
Max Period        n/a     PLLE2_ADV/CLKIN1    n/a            52.633        8.000       44.633               PLLE2_ADV/CLKIN1
Low Pulse Width   Slow    PLLE2_ADV/CLKIN1    n/a            2.000         4.000       2.000                PLLE2_ADV/CLKIN1
High Pulse Width  Slow    PLLE2_ADV/CLKIN1    n/a            2.000         4.000       2.000                PLLE2_ADV/CLKIN1



---------------------------------------------------------------------------------------------------
From Clock:  ethphy_clkout0
  To Clock:  ethphy_clkout0

Setup :           NA  Failing Endpoints,  Worst Slack           NA  ,  Total Violation           NA
Hold  :           NA  Failing Endpoints,  Worst Slack           NA  ,  Total Violation           NA
PW    :            0  Failing Endpoints,  Worst Slack        6.408ns,  Total Violation        0.000ns
---------------------------------------------------------------------------------------------------


Pulse Width Checks
--------------------------------------------------------------------------------------
Clock Name:         ethphy_clkout0
Waveform(ns):       { 0.000 4.000 }
Period(ns):         8.000
Sources:            { PLLE2_ADV/CLKOUT0 }

Check Type  Corner  Lib Pin            Reference Pin  Required(ns)  Actual(ns)  Slack(ns)  Location  Pin
Min Period  n/a     BUFG/I             n/a            1.592         8.000       6.408                BUFG_6/I
Max Period  n/a     PLLE2_ADV/CLKOUT0  n/a            160.000       8.000       152.000              PLLE2_ADV/CLKOUT0



---------------------------------------------------------------------------------------------------
From Clock:  ethphy_clkout1
  To Clock:  ethphy_clkout1

Setup :           NA  Failing Endpoints,  Worst Slack           NA  ,  Total Violation           NA
Hold  :           NA  Failing Endpoints,  Worst Slack           NA  ,  Total Violation           NA
PW    :            0  Failing Endpoints,  Worst Slack        6.408ns,  Total Violation        0.000ns
---------------------------------------------------------------------------------------------------


Pulse Width Checks
--------------------------------------------------------------------------------------
Clock Name:         ethphy_clkout1
Waveform(ns):       { 2.000 6.000 }
Period(ns):         8.000
Sources:            { PLLE2_ADV/CLKOUT1 }

Check Type  Corner  Lib Pin            Reference Pin  Required(ns)  Actual(ns)  Slack(ns)  Location  Pin
Min Period  n/a     BUFG/I             n/a            1.592         8.000       6.408                BUFG_7/I
Max Period  n/a     PLLE2_ADV/CLKOUT1  n/a            160.000       8.000       152.000              PLLE2_ADV/CLKOUT1



---------------------------------------------------------------------------------------------------
From Clock:  pll_fb
  To Clock:  pll_fb

Setup :           NA  Failing Endpoints,  Worst Slack           NA  ,  Total Violation           NA
Hold  :           NA  Failing Endpoints,  Worst Slack           NA  ,  Total Violation           NA
PW    :            0  Failing Endpoints,  Worst Slack        6.751ns,  Total Violation        0.000ns
---------------------------------------------------------------------------------------------------


Pulse Width Checks
--------------------------------------------------------------------------------------
Clock Name:         pll_fb
Waveform(ns):       { 0.000 4.000 }
Period(ns):         8.000
Sources:            { PLLE2_ADV/CLKFBOUT }

Check Type  Corner  Lib Pin             Reference Pin  Required(ns)  Actual(ns)  Slack(ns)  Location  Pin
Min Period  n/a     PLLE2_ADV/CLKFBOUT  n/a            1.249         8.000       6.751                PLLE2_ADV/CLKFBOUT
Max Period  n/a     PLLE2_ADV/CLKFBIN   n/a            52.633        8.000       44.633               PLLE2_ADV/CLKFBIN



---------------------------------------------------------------------------------------------------
From Clock:  eth_tx_clk
  To Clock:  eth_tx_clk

Setup :            0  Failing Endpoints,  Worst Slack        1.209ns,  Total Violation        0.000ns
Hold  :            0  Failing Endpoints,  Worst Slack        0.037ns,  Total Violation        0.000ns
PW    :            0  Failing Endpoints,  Worst Slack        3.500ns,  Total Violation        0.000ns
---------------------------------------------------------------------------------------------------


Max Delay Paths
--------------------------------------------------------------------------------------
Slack (MET) :             1.209ns  (required time - arrival time)
  Source:                 FDPE_8/C
                            (rising edge-triggered cell FDPE clocked by eth_tx_clk  {rise@0.000ns fall@4.000ns period=8.000ns})
  Destination:            FDPE_9/D
                            (rising edge-triggered cell FDPE clocked by eth_tx_clk  {rise@0.000ns fall@4.000ns period=8.000ns})
  Path Group:             eth_tx_clk
  Path Type:              Setup (Max at Slow Process Corner)
  Requirement:            2.000ns  (MaxDelay Path 2.000ns)
  Data Path Delay:        0.544ns  (logic 0.397ns (72.978%)  route 0.147ns (27.022%))
  Logic Levels:           0  
  Clock Path Skew:        -0.145ns (DCD - SCD + CPR)
    Destination Clock Delay (DCD):    0.501ns
    Source Clock Delay      (SCD):    0.646ns
    Clock Pessimism Removal (CPR):    0.000ns
  Clock Uncertainty:      0.058ns  ((TSJ^2 + DJ^2)^1/2) / 2 + PE
    Total System Jitter     (TSJ):    0.071ns
    Discrete Jitter          (DJ):    0.091ns
    Phase Error              (PE):    0.000ns
  Timing Exception:       MaxDelay Path 2.000ns

    Location             Delay type                Incr(ns)  Path(ns)    Netlist Resource(s)
  -------------------------------------------------------------------    -------------------
                         (clock eth_tx_clk rise edge)
                                                      0.000     0.000 r  
                         BUFG                         0.000     0.000 r  BUFG_6/O
                         net (fo=141, unplaced)       0.646     0.646    eth_tx_clk
                         FDPE                                         r  FDPE_8/C
  -------------------------------------------------------------------    -------------------
                         FDPE (Prop_fdpe_C_Q)         0.397     1.043 r  FDPE_8/Q
                         net (fo=1, unplaced)         0.147     1.190    xilinxasyncresetsynchronizerimpl4_rst_meta
                         FDPE                                         r  FDPE_9/D
  -------------------------------------------------------------------    -------------------

                         max delay                    2.000     2.000    
                         BUFG                         0.000     2.000 r  BUFG_6/O
                         net (fo=141, unplaced)       0.501     2.501    eth_tx_clk
                         FDPE                                         r  FDPE_9/C
                         clock pessimism              0.000     2.501    
                         clock uncertainty           -0.058     2.443    
                         FDPE (Setup_fdpe_C_D)       -0.044     2.399    FDPE_9
  -------------------------------------------------------------------
                         required time                          2.399    
                         arrival time                          -1.190    
  -------------------------------------------------------------------
                         slack                                  1.209    





Min Delay Paths
--------------------------------------------------------------------------------------
Slack (MET) :             0.037ns  (arrival time - required time)
  Source:                 FDPE_8/C
                            (rising edge-triggered cell FDPE clocked by eth_tx_clk  {rise@0.000ns fall@4.000ns period=8.000ns})
  Destination:            FDPE_9/D
                            (rising edge-triggered cell FDPE clocked by eth_tx_clk  {rise@0.000ns fall@4.000ns period=8.000ns})
  Path Group:             eth_tx_clk
  Path Type:              Hold (Min at Fast Process Corner)
  Requirement:            0.000ns  (eth_tx_clk rise@0.000ns - eth_tx_clk rise@0.000ns)
  Data Path Delay:        0.220ns  (logic 0.147ns (66.849%)  route 0.073ns (33.151%))
  Logic Levels:           0  
  Clock Path Skew:        0.145ns (DCD - SCD - CPR)
    Destination Clock Delay (DCD):    0.337ns
    Source Clock Delay      (SCD):    0.192ns
    Clock Pessimism Removal (CPR):    -0.000ns

    Location             Delay type                Incr(ns)  Path(ns)    Netlist Resource(s)
  -------------------------------------------------------------------    -------------------
                         (clock eth_tx_clk rise edge)
                                                      0.000     0.000 r  
                         BUFG                         0.000     0.000 r  BUFG_6/O
                         net (fo=141, unplaced)       0.192     0.192    eth_tx_clk
                         FDPE                                         r  FDPE_8/C
  -------------------------------------------------------------------    -------------------
                         FDPE (Prop_fdpe_C_Q)         0.147     0.339 r  FDPE_8/Q
                         net (fo=1, unplaced)         0.073     0.412    xilinxasyncresetsynchronizerimpl4_rst_meta
                         FDPE                                         r  FDPE_9/D
  -------------------------------------------------------------------    -------------------

                         (clock eth_tx_clk rise edge)
                                                      0.000     0.000 r  
                         BUFG                         0.000     0.000 r  BUFG_6/O
                         net (fo=141, unplaced)       0.337     0.337    eth_tx_clk
                         FDPE                                         r  FDPE_9/C
                         clock pessimism              0.000     0.337    
                         FDPE (Hold_fdpe_C_D)         0.038     0.375    FDPE_9
  -------------------------------------------------------------------
                         required time                         -0.375    
                         arrival time                           0.412    
  -------------------------------------------------------------------
                         slack                                  0.037    





Pulse Width Checks
--------------------------------------------------------------------------------------
Clock Name:         eth_tx_clk
Waveform(ns):       { 0.000 4.000 }
Period(ns):         8.000
Sources:            { BUFG_6/O }

Check Type        Corner  Lib Pin             Reference Pin  Required(ns)  Actual(ns)  Slack(ns)  Location  Pin
Min Period        n/a     RAMB36E1/CLKARDCLK  n/a            2.170         8.000       5.830                storage_4_reg/CLKARDCLK
Low Pulse Width   Slow    FDPE/C              n/a            0.500         4.000       3.500                FDPE_8/C
High Pulse Width  Slow    FDPE/C              n/a            0.500         4.000       3.500                FDPE_8/C



